<?xml version="1.0" encoding="UTF-8"?>
<testsuite name="co.edu.uniquindio.unitravel.UsuarioTest" tests="1" skipped="0" failures="0" errors="0" timestamp="2022-05-04T01:38:22" hostname="DESKTOP-DRA31EM" time="1.913">
  <properties/>
  <testcase name="loggin()" classname="co.edu.uniquindio.unitravel.UsuarioTest" time="1.913"/>
  <system-out><![CDATA[20:38:04.248 [Test worker] DEBUG org.springframework.test.context.BootstrapUtils - Instantiating CacheAwareContextLoaderDelegate from class [org.springframework.test.context.cache.DefaultCacheAwareContextLoaderDelegate]
20:38:04.283 [Test worker] DEBUG org.springframework.test.context.BootstrapUtils - Instantiating BootstrapContext using constructor [public org.springframework.test.context.support.DefaultBootstrapContext(java.lang.Class,org.springframework.test.context.CacheAwareContextLoaderDelegate)]
20:38:04.460 [Test worker] DEBUG org.springframework.test.context.BootstrapUtils - Instantiating TestContextBootstrapper for test class [co.edu.uniquindio.unitravel.UsuarioTest] from class [org.springframework.boot.test.autoconfigure.orm.jpa.DataJpaTestContextBootstrapper]
20:38:04.510 [Test worker] INFO org.springframework.boot.test.autoconfigure.orm.jpa.DataJpaTestContextBootstrapper - Neither @ContextConfiguration nor @ContextHierarchy found for test class [co.edu.uniquindio.unitravel.UsuarioTest], using SpringBootContextLoader
20:38:04.522 [Test worker] DEBUG org.springframework.test.context.support.AbstractContextLoader - Did not detect default resource location for test class [co.edu.uniquindio.unitravel.UsuarioTest]: class path resource [co/edu/uniquindio/unitravel/UsuarioTest-context.xml] does not exist
20:38:04.524 [Test worker] DEBUG org.springframework.test.context.support.AbstractContextLoader - Did not detect default resource location for test class [co.edu.uniquindio.unitravel.UsuarioTest]: class path resource [co/edu/uniquindio/unitravel/UsuarioTestContext.groovy] does not exist
20:38:04.525 [Test worker] INFO org.springframework.test.context.support.AbstractContextLoader - Could not detect default resource locations for test class [co.edu.uniquindio.unitravel.UsuarioTest]: no resource found for suffixes {-context.xml, Context.groovy}.
20:38:04.528 [Test worker] INFO org.springframework.test.context.support.AnnotationConfigContextLoaderUtils - Could not detect default configuration classes for test class [co.edu.uniquindio.unitravel.UsuarioTest]: UsuarioTest does not declare any static, non-private, non-final, nested classes annotated with @Configuration.
20:38:04.810 [Test worker] DEBUG org.springframework.test.context.support.ActiveProfilesUtils - Could not find an 'annotation declaring class' for annotation type [org.springframework.test.context.ActiveProfiles] and class [co.edu.uniquindio.unitravel.UsuarioTest]
20:38:05.000 [Test worker] DEBUG org.springframework.context.annotation.ClassPathScanningCandidateComponentProvider - Identified candidate component class: file [D:\Programación avanzada\Unitravel\Persistencia\build\classes\java\main\co\edu\uniquindio\unitravel\PersistenciaApplication.class]
20:38:05.007 [Test worker] INFO org.springframework.boot.test.context.SpringBootTestContextBootstrapper - Found @SpringBootConfiguration co.edu.uniquindio.unitravel.PersistenciaApplication for test class co.edu.uniquindio.unitravel.UsuarioTest
20:38:05.034 [Test worker] DEBUG org.springframework.boot.test.autoconfigure.orm.jpa.DataJpaTestContextBootstrapper - @TestExecutionListeners is not present for class [co.edu.uniquindio.unitravel.UsuarioTest]: using defaults.
20:38:05.037 [Test worker] INFO org.springframework.boot.test.autoconfigure.orm.jpa.DataJpaTestContextBootstrapper - Loaded default TestExecutionListener class names from location [META-INF/spring.factories]: [org.springframework.boot.test.autoconfigure.restdocs.RestDocsTestExecutionListener, org.springframework.boot.test.autoconfigure.web.client.MockRestServiceServerResetTestExecutionListener, org.springframework.boot.test.autoconfigure.web.servlet.MockMvcPrintOnlyOnFailureTestExecutionListener, org.springframework.boot.test.autoconfigure.web.servlet.WebDriverTestExecutionListener, org.springframework.boot.test.autoconfigure.webservices.client.MockWebServiceServerTestExecutionListener, org.springframework.boot.test.mock.mockito.MockitoTestExecutionListener, org.springframework.boot.test.mock.mockito.ResetMocksTestExecutionListener, org.springframework.test.context.web.ServletTestExecutionListener, org.springframework.test.context.support.DirtiesContextBeforeModesTestExecutionListener, org.springframework.test.context.event.ApplicationEventsTestExecutionListener, org.springframework.test.context.support.DependencyInjectionTestExecutionListener, org.springframework.test.context.support.DirtiesContextTestExecutionListener, org.springframework.test.context.transaction.TransactionalTestExecutionListener, org.springframework.test.context.jdbc.SqlScriptsTestExecutionListener, org.springframework.test.context.event.EventPublishingTestExecutionListener]
20:38:05.068 [Test worker] DEBUG org.springframework.boot.test.autoconfigure.orm.jpa.DataJpaTestContextBootstrapper - Skipping candidate TestExecutionListener [org.springframework.test.context.web.ServletTestExecutionListener] due to a missing dependency. Specify custom listener classes or make the default listener classes and their required dependencies available. Offending class: [javax/servlet/ServletContext]
20:38:05.092 [Test worker] INFO org.springframework.boot.test.autoconfigure.orm.jpa.DataJpaTestContextBootstrapper - Using TestExecutionListeners: [org.springframework.test.context.support.DirtiesContextBeforeModesTestExecutionListener@398ea5ec, org.springframework.test.context.event.ApplicationEventsTestExecutionListener@5730032c, org.springframework.boot.test.mock.mockito.MockitoTestExecutionListener@377f53ce, org.springframework.boot.test.autoconfigure.SpringBootDependencyInjectionTestExecutionListener@7a34656, org.springframework.test.context.support.DirtiesContextTestExecutionListener@4b4e328b, org.springframework.test.context.transaction.TransactionalTestExecutionListener@1c3061ad, org.springframework.test.context.jdbc.SqlScriptsTestExecutionListener@519cb0c6, org.springframework.test.context.event.EventPublishingTestExecutionListener@4c90cd55, org.springframework.boot.test.autoconfigure.restdocs.RestDocsTestExecutionListener@76f07426, org.springframework.boot.test.autoconfigure.web.client.MockRestServiceServerResetTestExecutionListener@69d25e5c, org.springframework.boot.test.autoconfigure.web.servlet.MockMvcPrintOnlyOnFailureTestExecutionListener@5dfcd920, org.springframework.boot.test.autoconfigure.web.servlet.WebDriverTestExecutionListener@17cc5daf, org.springframework.boot.test.autoconfigure.webservices.client.MockWebServiceServerTestExecutionListener@62e84a34, org.springframework.boot.test.mock.mockito.ResetMocksTestExecutionListener@19b3d88b]
20:38:05.108 [Test worker] DEBUG org.springframework.test.context.support.AbstractDirtiesContextTestExecutionListener - Before test class: context [DefaultTestContext@c168bee testClass = UsuarioTest, testInstance = [null], testMethod = [null], testException = [null], mergedContextConfiguration = [MergedContextConfiguration@73db8ff5 testClass = UsuarioTest, locations = '{}', classes = '{class co.edu.uniquindio.unitravel.PersistenciaApplication}', contextInitializerClasses = '[]', activeProfiles = '{}', propertySourceLocations = '{}', propertySourceProperties = '{org.springframework.boot.test.autoconfigure.orm.jpa.DataJpaTestContextBootstrapper=true}', contextCustomizers = set[org.springframework.boot.test.autoconfigure.OverrideAutoConfigurationContextCustomizerFactory$DisableAutoConfigurationContextCustomizer@59775fd0, org.springframework.boot.test.autoconfigure.actuate.metrics.MetricsExportContextCustomizerFactory$DisableMetricExportContextCustomizer@6a395c54, org.springframework.boot.test.autoconfigure.filter.TypeExcludeFiltersContextCustomizer@351584c0, org.springframework.boot.test.autoconfigure.properties.PropertyMappingContextCustomizer@169b3974, org.springframework.boot.test.autoconfigure.web.servlet.WebDriverContextCustomizerFactory$Customizer@462573f8, [ImportsContextCustomizer@65758f31 key = [org.springframework.boot.autoconfigure.cache.CacheAutoConfiguration, org.springframework.boot.autoconfigure.data.jpa.JpaRepositoriesAutoConfiguration, org.springframework.boot.autoconfigure.flyway.FlywayAutoConfiguration, org.springframework.boot.autoconfigure.jdbc.DataSourceAutoConfiguration, org.springframework.boot.autoconfigure.jdbc.DataSourceTransactionManagerAutoConfiguration, org.springframework.boot.autoconfigure.jdbc.JdbcTemplateAutoConfiguration, org.springframework.boot.autoconfigure.liquibase.LiquibaseAutoConfiguration, org.springframework.boot.autoconfigure.orm.jpa.HibernateJpaAutoConfiguration, org.springframework.boot.autoconfigure.sql.init.SqlInitializationAutoConfiguration, org.springframework.boot.autoconfigure.transaction.TransactionAutoConfiguration, org.springframework.boot.test.autoconfigure.jdbc.TestDatabaseAutoConfiguration, org.springframework.boot.test.autoconfigure.orm.jpa.TestEntityManagerAutoConfiguration]], org.springframework.boot.test.context.filter.ExcludeFilterContextCustomizer@411859d0, org.springframework.boot.test.json.DuplicateJsonObjectContextCustomizerFactory$DuplicateJsonObjectContextCustomizer@5a7974a8, org.springframework.boot.test.mock.mockito.MockitoContextCustomizer@0, org.springframework.boot.test.context.SpringBootTestArgs@1, org.springframework.boot.test.context.SpringBootTestWebEnvironment@0], contextLoader = 'org.springframework.boot.test.context.SpringBootContextLoader', parent = [null]], attributes = map[[empty]]], class annotated with @DirtiesContext [false] with mode [null].
20:38:05.146 [Test worker] DEBUG org.springframework.test.context.support.DependencyInjectionTestExecutionListener - Performing dependency injection for test context [[DefaultTestContext@c168bee testClass = UsuarioTest, testInstance = co.edu.uniquindio.unitravel.UsuarioTest@51c9e1b4, testMethod = [null], testException = [null], mergedContextConfiguration = [MergedContextConfiguration@73db8ff5 testClass = UsuarioTest, locations = '{}', classes = '{class co.edu.uniquindio.unitravel.PersistenciaApplication}', contextInitializerClasses = '[]', activeProfiles = '{}', propertySourceLocations = '{}', propertySourceProperties = '{org.springframework.boot.test.autoconfigure.orm.jpa.DataJpaTestContextBootstrapper=true}', contextCustomizers = set[org.springframework.boot.test.autoconfigure.OverrideAutoConfigurationContextCustomizerFactory$DisableAutoConfigurationContextCustomizer@59775fd0, org.springframework.boot.test.autoconfigure.actuate.metrics.MetricsExportContextCustomizerFactory$DisableMetricExportContextCustomizer@6a395c54, org.springframework.boot.test.autoconfigure.filter.TypeExcludeFiltersContextCustomizer@351584c0, org.springframework.boot.test.autoconfigure.properties.PropertyMappingContextCustomizer@169b3974, org.springframework.boot.test.autoconfigure.web.servlet.WebDriverContextCustomizerFactory$Customizer@462573f8, [ImportsContextCustomizer@65758f31 key = [org.springframework.boot.autoconfigure.cache.CacheAutoConfiguration, org.springframework.boot.autoconfigure.data.jpa.JpaRepositoriesAutoConfiguration, org.springframework.boot.autoconfigure.flyway.FlywayAutoConfiguration, org.springframework.boot.autoconfigure.jdbc.DataSourceAutoConfiguration, org.springframework.boot.autoconfigure.jdbc.DataSourceTransactionManagerAutoConfiguration, org.springframework.boot.autoconfigure.jdbc.JdbcTemplateAutoConfiguration, org.springframework.boot.autoconfigure.liquibase.LiquibaseAutoConfiguration, org.springframework.boot.autoconfigure.orm.jpa.HibernateJpaAutoConfiguration, org.springframework.boot.autoconfigure.sql.init.SqlInitializationAutoConfiguration, org.springframework.boot.autoconfigure.transaction.TransactionAutoConfiguration, org.springframework.boot.test.autoconfigure.jdbc.TestDatabaseAutoConfiguration, org.springframework.boot.test.autoconfigure.orm.jpa.TestEntityManagerAutoConfiguration]], org.springframework.boot.test.context.filter.ExcludeFilterContextCustomizer@411859d0, org.springframework.boot.test.json.DuplicateJsonObjectContextCustomizerFactory$DuplicateJsonObjectContextCustomizer@5a7974a8, org.springframework.boot.test.mock.mockito.MockitoContextCustomizer@0, org.springframework.boot.test.context.SpringBootTestArgs@1, org.springframework.boot.test.context.SpringBootTestWebEnvironment@0], contextLoader = 'org.springframework.boot.test.context.SpringBootContextLoader', parent = [null]], attributes = map['org.springframework.test.context.event.ApplicationEventsTestExecutionListener.recordApplicationEvents' -> false]]].

  .   ____          _            __ _ _
 /\\ / ___'_ __ _ _(_)_ __  __ _ \ \ \ \
( ( )\___ | '_ | '_| | '_ \/ _` | \ \ \ \
 \\/  ___)| |_)| | | | | || (_| |  ) ) ) )
  '  |____| .__|_| |_|_| |_\__, | / / / /
 =========|_|==============|___/=/_/_/_/
 :: Spring Boot ::                (v2.6.4)

2022-05-03 20:38:06.375  INFO 16232 --- [    Test worker] co.edu.uniquindio.unitravel.UsuarioTest  : Starting UsuarioTest using Java 11.0.14.1 on DESKTOP-DRA31EM with PID 16232 (started by diego in D:\Programación avanzada\Unitravel\Persistencia)
2022-05-03 20:38:06.379  INFO 16232 --- [    Test worker] co.edu.uniquindio.unitravel.UsuarioTest  : No active profile set, falling back to 1 default profile: "default"
2022-05-03 20:38:07.938  INFO 16232 --- [    Test worker] .s.d.r.c.RepositoryConfigurationDelegate : Bootstrapping Spring Data JPA repositories in DEFAULT mode.
2022-05-03 20:38:08.263  INFO 16232 --- [    Test worker] .s.d.r.c.RepositoryConfigurationDelegate : Finished Spring Data repository scanning in 299 ms. Found 12 JPA repository interfaces.
2022-05-03 20:38:09.826  INFO 16232 --- [    Test worker] o.hibernate.jpa.internal.util.LogHelper  : HHH000204: Processing PersistenceUnitInfo [name: default]
2022-05-03 20:38:10.018  INFO 16232 --- [    Test worker] org.hibernate.Version                    : HHH000412: Hibernate ORM core version 5.6.5.Final
2022-05-03 20:38:10.540  INFO 16232 --- [    Test worker] o.hibernate.annotations.common.Version   : HCANN000001: Hibernate Commons Annotations {5.1.2.Final}
2022-05-03 20:38:10.927  INFO 16232 --- [    Test worker] com.zaxxer.hikari.HikariDataSource       : HikariPool-1 - Starting...
2022-05-03 20:38:11.780  INFO 16232 --- [    Test worker] com.zaxxer.hikari.HikariDataSource       : HikariPool-1 - Start completed.
2022-05-03 20:38:11.883  INFO 16232 --- [    Test worker] org.hibernate.dialect.Dialect            : HHH000400: Using dialect: org.hibernate.dialect.MySQL8Dialect
2022-05-03 20:38:12.568  WARN 16232 --- [    Test worker] org.hibernate.cfg.AnnotationBinder       : HHH000503: A class should not be annotated with both @Inheritance and @MappedSuperclass. @Inheritance will be ignored for: co.edu.uniquindio.unitravel.entidades.Persona.
Hibernate: alter table comentario drop foreign key FK5vtw2cdykv9nrypod1020npbv
Hibernate: alter table comentario drop foreign key FK2rc0shft7vx64ukxau58v0khc
Hibernate: alter table foto drop foreign key FKfpnm06bmu3e09hngockoy5b6q
Hibernate: alter table foto drop foreign key FKikn22yuccwfg7mqmnc1lvypsq
Hibernate: alter table habitacion drop foreign key FKo2i9p4imyrypljg9pws6mmpk3
Hibernate: alter table habitacion_camas drop foreign key FKfie2hwr3ckjnp9ra6563gw6in
Hibernate: alter table habitacion_caracteristicas drop foreign key FKgduovtuc06sa1mhopmxn32y8w
Hibernate: alter table habitacion_caracteristicas drop foreign key FKr27umh8lcxeet0t1yv4qd3epi
Hibernate: alter table hotel drop foreign key FKhdeld7xpv81vrjhh1fpsngytr
Hibernate: alter table hotel_caracteristicas drop foreign key FKsc8e4jxhtus4x4e1oyls00i0u
Hibernate: alter table hotel_caracteristicas drop foreign key FKpkh1jjifi9tpdkh39g88xudj7
Hibernate: alter table hotel_telefonos_hotel drop foreign key FKfvv737pdn3omehfy4j5761x1j
Hibernate: alter table reserva drop foreign key FK45bh2hv4j9tgv8x12ws70m50w
Hibernate: alter table reserva_hoteles drop foreign key FKsjp2c8k7oqxw3jv4m64hh46sh
Hibernate: alter table reserva_hoteles drop foreign key FKpvfmwm5y4ni6yx111mmpv79ur
Hibernate: alter table silla_reservas drop foreign key FKkghjcnwmxpv8naab93jmt2ft4
Hibernate: alter table silla_reservas drop foreign key FKcuo2ubc0hpucjlm6w40r5i4c6
Hibernate: alter table vuelo drop foreign key FKss130nruyik6hepsigc48a2l8
Hibernate: alter table vuelo drop foreign key FKld5x2yxtorwiji094orguxdiy
Hibernate: drop table if exists admin_hotel
Hibernate: drop table if exists administrador
Hibernate: drop table if exists caracteristica
Hibernate: drop table if exists ciudad
Hibernate: drop table if exists comentario
Hibernate: drop table if exists foto
Hibernate: drop table if exists habitacion
Hibernate: drop table if exists habitacion_camas
Hibernate: drop table if exists habitacion_caracteristicas
Hibernate: drop table if exists hibernate_sequence
Hibernate: drop table if exists hotel
Hibernate: drop table if exists hotel_caracteristicas
Hibernate: drop table if exists hotel_telefonos_hotel
Hibernate: drop table if exists reserva
Hibernate: drop table if exists reserva_hoteles
Hibernate: drop table if exists silla
Hibernate: drop table if exists silla_reservas
Hibernate: drop table if exists usuario
Hibernate: drop table if exists vuelo
Hibernate: create table admin_hotel (cedula varchar(10) not null, email varchar(200) not null, nombre varchar(200) not null, password varchar(8) not null, primary key (cedula)) engine=InnoDB
Hibernate: create table administrador (cedula varchar(10) not null, email varchar(200) not null, nombre varchar(200) not null, password varchar(8) not null, primary key (cedula)) engine=InnoDB
Hibernate: create table caracteristica (cod_caracteristica integer not null auto_increment, descripcion varchar(100) not null, primary key (cod_caracteristica)) engine=InnoDB
Hibernate: create table ciudad (cod_ciudad integer not null, nombre varchar(100) not null, primary key (cod_ciudad)) engine=InnoDB
Hibernate: create table comentario (cod_comentario integer not null auto_increment, calificacion double precision not null, descripcion varchar(300) not null, fecha_comentario date not null, cedula_usuario_cedula varchar(10), comentarios_hotel_cod_hotel integer, primary key (cod_comentario)) engine=InnoDB
Hibernate: create table foto (cod_foto integer not null, ruta varchar(255) not null, cod_habitacion_cod_habitacion integer, cod_hotel_cod_hotel integer, primary key (cod_foto)) engine=InnoDB
Hibernate: create table habitacion (cod_habitacion integer not null, capacidad integer not null, numero integer not null, precio double precision not null, hotel_cod_hotel integer, primary key (cod_habitacion)) engine=InnoDB
Hibernate: create table habitacion_camas (habitacion_cod_habitacion integer not null, camas integer) engine=InnoDB
Hibernate: create table habitacion_caracteristicas (cod_habitaciones_cod_habitacion integer not null, caracteristicas_cod_caracteristica integer not null) engine=InnoDB
Hibernate: create table hibernate_sequence (next_val bigint) engine=InnoDB
Hibernate: insert into hibernate_sequence values ( 1 )
Hibernate: create table hotel (cod_hotel integer not null auto_increment, direccion varchar(100) not null, nombre varchar(200) not null, num_estrellas double precision not null, cod_ciudad_cod_ciudad integer, primary key (cod_hotel)) engine=InnoDB
Hibernate: create table hotel_caracteristicas (cod_hotel_cod_hotel integer not null, caracteristicas_cod_caracteristica integer not null) engine=InnoDB
Hibernate: create table hotel_telefonos_hotel (hotel_cod_hotel integer not null, telefonos_hotel varchar(255)) engine=InnoDB
Hibernate: create table reserva (cod_reserva integer not null auto_increment, fecha_llegada date not null, fecha_reserva date not null, fecha_salida date not null, metodo_de_pago integer not null, valor double precision not null, usuario_cedula varchar(10), primary key (cod_reserva)) engine=InnoDB
Hibernate: create table reserva_hoteles (reservas_cod_reserva integer not null, hoteles_cod_hotel integer not null) engine=InnoDB
Hibernate: create table silla (cod_silla integer not null auto_increment, primary key (cod_silla)) engine=InnoDB
Hibernate: create table silla_reservas (sillas_cod_silla integer not null, reservas_cod_reserva integer not null) engine=InnoDB
Hibernate: create table usuario (cedula varchar(10) not null, email varchar(200) not null, nombre varchar(200) not null, password varchar(8) not null, is_afiliado bit, primary key (cedula)) engine=InnoDB
Hibernate: create table vuelo (codigo integer not null auto_increment, aerolinea varchar(255) not null, fecha date not null, hora_aterrizaje time not null, hora_despegue time not null, silla integer not null, cod_destino_cod_ciudad integer, cod_origen_cod_ciudad integer, primary key (codigo)) engine=InnoDB
Hibernate: alter table admin_hotel add constraint UK_d4n805h6q6xh6dmgl6rw7tf9m unique (email)
Hibernate: alter table administrador add constraint UK_h121ki47maojpkmvdvqf87ybo unique (email)
Hibernate: alter table usuario add constraint UK_5171l57faosmj8myawaucatdw unique (email)
Hibernate: alter table comentario add constraint FK5vtw2cdykv9nrypod1020npbv foreign key (cedula_usuario_cedula) references usuario (cedula)
Hibernate: alter table comentario add constraint FK2rc0shft7vx64ukxau58v0khc foreign key (comentarios_hotel_cod_hotel) references hotel (cod_hotel)
Hibernate: alter table foto add constraint FKfpnm06bmu3e09hngockoy5b6q foreign key (cod_habitacion_cod_habitacion) references habitacion (cod_habitacion)
Hibernate: alter table foto add constraint FKikn22yuccwfg7mqmnc1lvypsq foreign key (cod_hotel_cod_hotel) references hotel (cod_hotel)
Hibernate: alter table habitacion add constraint FKo2i9p4imyrypljg9pws6mmpk3 foreign key (hotel_cod_hotel) references hotel (cod_hotel)
Hibernate: alter table habitacion_camas add constraint FKfie2hwr3ckjnp9ra6563gw6in foreign key (habitacion_cod_habitacion) references habitacion (cod_habitacion)
Hibernate: alter table habitacion_caracteristicas add constraint FKgduovtuc06sa1mhopmxn32y8w foreign key (caracteristicas_cod_caracteristica) references caracteristica (cod_caracteristica)
Hibernate: alter table habitacion_caracteristicas add constraint FKr27umh8lcxeet0t1yv4qd3epi foreign key (cod_habitaciones_cod_habitacion) references habitacion (cod_habitacion)
Hibernate: alter table hotel add constraint FKhdeld7xpv81vrjhh1fpsngytr foreign key (cod_ciudad_cod_ciudad) references ciudad (cod_ciudad)
Hibernate: alter table hotel_caracteristicas add constraint FKsc8e4jxhtus4x4e1oyls00i0u foreign key (caracteristicas_cod_caracteristica) references caracteristica (cod_caracteristica)
Hibernate: alter table hotel_caracteristicas add constraint FKpkh1jjifi9tpdkh39g88xudj7 foreign key (cod_hotel_cod_hotel) references hotel (cod_hotel)
Hibernate: alter table hotel_telefonos_hotel add constraint FKfvv737pdn3omehfy4j5761x1j foreign key (hotel_cod_hotel) references hotel (cod_hotel)
Hibernate: alter table reserva add constraint FK45bh2hv4j9tgv8x12ws70m50w foreign key (usuario_cedula) references usuario (cedula)
Hibernate: alter table reserva_hoteles add constraint FKsjp2c8k7oqxw3jv4m64hh46sh foreign key (hoteles_cod_hotel) references hotel (cod_hotel)
Hibernate: alter table reserva_hoteles add constraint FKpvfmwm5y4ni6yx111mmpv79ur foreign key (reservas_cod_reserva) references reserva (cod_reserva)
Hibernate: alter table silla_reservas add constraint FKkghjcnwmxpv8naab93jmt2ft4 foreign key (reservas_cod_reserva) references reserva (cod_reserva)
Hibernate: alter table silla_reservas add constraint FKcuo2ubc0hpucjlm6w40r5i4c6 foreign key (sillas_cod_silla) references silla (cod_silla)
Hibernate: alter table vuelo add constraint FKss130nruyik6hepsigc48a2l8 foreign key (cod_destino_cod_ciudad) references ciudad (cod_ciudad)
Hibernate: alter table vuelo add constraint FKld5x2yxtorwiji094orguxdiy foreign key (cod_origen_cod_ciudad) references ciudad (cod_ciudad)
2022-05-03 20:38:19.720  INFO 16232 --- [    Test worker] o.h.e.t.j.p.i.JtaPlatformInitiator       : HHH000490: Using JtaPlatform implementation: [org.hibernate.engine.transaction.jta.platform.internal.NoJtaPlatform]
2022-05-03 20:38:19.745  INFO 16232 --- [    Test worker] j.LocalContainerEntityManagerFactoryBean : Initialized JPA EntityManagerFactory for persistence unit 'default'
2022-05-03 20:38:22.450  INFO 16232 --- [    Test worker] co.edu.uniquindio.unitravel.UsuarioTest  : Started UsuarioTest in 17.182 seconds (JVM running for 21.599)
2022-05-03 20:38:22.544  INFO 16232 --- [    Test worker] o.s.t.c.transaction.TransactionContext   : Began transaction (1) for test context [DefaultTestContext@c168bee testClass = UsuarioTest, testInstance = co.edu.uniquindio.unitravel.UsuarioTest@51c9e1b4, testMethod = loggin@UsuarioTest, testException = [null], mergedContextConfiguration = [MergedContextConfiguration@73db8ff5 testClass = UsuarioTest, locations = '{}', classes = '{class co.edu.uniquindio.unitravel.PersistenciaApplication}', contextInitializerClasses = '[]', activeProfiles = '{}', propertySourceLocations = '{}', propertySourceProperties = '{org.springframework.boot.test.autoconfigure.orm.jpa.DataJpaTestContextBootstrapper=true}', contextCustomizers = set[org.springframework.boot.test.autoconfigure.OverrideAutoConfigurationContextCustomizerFactory$DisableAutoConfigurationContextCustomizer@59775fd0, org.springframework.boot.test.autoconfigure.actuate.metrics.MetricsExportContextCustomizerFactory$DisableMetricExportContextCustomizer@6a395c54, org.springframework.boot.test.autoconfigure.filter.TypeExcludeFiltersContextCustomizer@351584c0, org.springframework.boot.test.autoconfigure.properties.PropertyMappingContextCustomizer@169b3974, org.springframework.boot.test.autoconfigure.web.servlet.WebDriverContextCustomizerFactory$Customizer@462573f8, [ImportsContextCustomizer@65758f31 key = [org.springframework.boot.autoconfigure.cache.CacheAutoConfiguration, org.springframework.boot.autoconfigure.data.jpa.JpaRepositoriesAutoConfiguration, org.springframework.boot.autoconfigure.flyway.FlywayAutoConfiguration, org.springframework.boot.autoconfigure.jdbc.DataSourceAutoConfiguration, org.springframework.boot.autoconfigure.jdbc.DataSourceTransactionManagerAutoConfiguration, org.springframework.boot.autoconfigure.jdbc.JdbcTemplateAutoConfiguration, org.springframework.boot.autoconfigure.liquibase.LiquibaseAutoConfiguration, org.springframework.boot.autoconfigure.orm.jpa.HibernateJpaAutoConfiguration, org.springframework.boot.autoconfigure.sql.init.SqlInitializationAutoConfiguration, org.springframework.boot.autoconfigure.transaction.TransactionAutoConfiguration, org.springframework.boot.test.autoconfigure.jdbc.TestDatabaseAutoConfiguration, org.springframework.boot.test.autoconfigure.orm.jpa.TestEntityManagerAutoConfiguration]], org.springframework.boot.test.context.filter.ExcludeFilterContextCustomizer@411859d0, org.springframework.boot.test.json.DuplicateJsonObjectContextCustomizerFactory$DuplicateJsonObjectContextCustomizer@5a7974a8, org.springframework.boot.test.mock.mockito.MockitoContextCustomizer@0, org.springframework.boot.test.context.SpringBootTestArgs@1, org.springframework.boot.test.context.SpringBootTestWebEnvironment@0], contextLoader = 'org.springframework.boot.test.context.SpringBootContextLoader', parent = [null]], attributes = map['org.springframework.test.context.event.ApplicationEventsTestExecutionListener.recordApplicationEvents' -> false]]; transaction manager [org.springframework.orm.jpa.JpaTransactionManager@664371b0]; rollback [true]
Hibernate: select usuario0_.cedula as cedula1_16_, usuario0_.email as email2_16_, usuario0_.nombre as nombre3_16_, usuario0_.password as password4_16_, usuario0_.is_afiliado as is_afili5_16_ from usuario usuario0_ where usuario0_.email=? and usuario0_.password=?
2022-05-03 20:38:24.379  INFO 16232 --- [    Test worker] o.s.t.c.transaction.TransactionContext   : Rolled back transaction for test: [DefaultTestContext@c168bee testClass = UsuarioTest, testInstance = co.edu.uniquindio.unitravel.UsuarioTest@51c9e1b4, testMethod = loggin@UsuarioTest, testException = [null], mergedContextConfiguration = [MergedContextConfiguration@73db8ff5 testClass = UsuarioTest, locations = '{}', classes = '{class co.edu.uniquindio.unitravel.PersistenciaApplication}', contextInitializerClasses = '[]', activeProfiles = '{}', propertySourceLocations = '{}', propertySourceProperties = '{org.springframework.boot.test.autoconfigure.orm.jpa.DataJpaTestContextBootstrapper=true}', contextCustomizers = set[org.springframework.boot.test.autoconfigure.OverrideAutoConfigurationContextCustomizerFactory$DisableAutoConfigurationContextCustomizer@59775fd0, org.springframework.boot.test.autoconfigure.actuate.metrics.MetricsExportContextCustomizerFactory$DisableMetricExportContextCustomizer@6a395c54, org.springframework.boot.test.autoconfigure.filter.TypeExcludeFiltersContextCustomizer@351584c0, org.springframework.boot.test.autoconfigure.properties.PropertyMappingContextCustomizer@169b3974, org.springframework.boot.test.autoconfigure.web.servlet.WebDriverContextCustomizerFactory$Customizer@462573f8, [ImportsContextCustomizer@65758f31 key = [org.springframework.boot.autoconfigure.cache.CacheAutoConfiguration, org.springframework.boot.autoconfigure.data.jpa.JpaRepositoriesAutoConfiguration, org.springframework.boot.autoconfigure.flyway.FlywayAutoConfiguration, org.springframework.boot.autoconfigure.jdbc.DataSourceAutoConfiguration, org.springframework.boot.autoconfigure.jdbc.DataSourceTransactionManagerAutoConfiguration, org.springframework.boot.autoconfigure.jdbc.JdbcTemplateAutoConfiguration, org.springframework.boot.autoconfigure.liquibase.LiquibaseAutoConfiguration, org.springframework.boot.autoconfigure.orm.jpa.HibernateJpaAutoConfiguration, org.springframework.boot.autoconfigure.sql.init.SqlInitializationAutoConfiguration, org.springframework.boot.autoconfigure.transaction.TransactionAutoConfiguration, org.springframework.boot.test.autoconfigure.jdbc.TestDatabaseAutoConfiguration, org.springframework.boot.test.autoconfigure.orm.jpa.TestEntityManagerAutoConfiguration]], org.springframework.boot.test.context.filter.ExcludeFilterContextCustomizer@411859d0, org.springframework.boot.test.json.DuplicateJsonObjectContextCustomizerFactory$DuplicateJsonObjectContextCustomizer@5a7974a8, org.springframework.boot.test.mock.mockito.MockitoContextCustomizer@0, org.springframework.boot.test.context.SpringBootTestArgs@1, org.springframework.boot.test.context.SpringBootTestWebEnvironment@0], contextLoader = 'org.springframework.boot.test.context.SpringBootContextLoader', parent = [null]], attributes = map['org.springframework.test.context.event.ApplicationEventsTestExecutionListener.recordApplicationEvents' -> false]]
]]></system-out>
  <system-err><![CDATA[]]></system-err>
</testsuite>
