<?xml version="1.0" encoding="UTF-8"?>
<testsuite name="co.edu.uniquindio.unitravel.serviciosTest.AdministradorServicioTest" tests="18" skipped="0" failures="0" errors="0" timestamp="2022-05-07T04:38:20" hostname="DESKTOP-PAF57AB" time="12.331">
  <properties/>
  <testcase name="actualizarVueloTest()" classname="co.edu.uniquindio.unitravel.serviciosTest.AdministradorServicioTest" time="3.921"/>
  <testcase name="obtenerCiudadTest()" classname="co.edu.uniquindio.unitravel.serviciosTest.AdministradorServicioTest" time="2.464"/>
  <testcase name="listarAdminsHotelTest()" classname="co.edu.uniquindio.unitravel.serviciosTest.AdministradorServicioTest" time="0.756"/>
  <testcase name="actualizarCiudadTest()" classname="co.edu.uniquindio.unitravel.serviciosTest.AdministradorServicioTest" time="0.32"/>
  <testcase name="registrarCiudadTest()" classname="co.edu.uniquindio.unitravel.serviciosTest.AdministradorServicioTest" time="1.01"/>
  <testcase name="eliminarAdministradorTest()" classname="co.edu.uniquindio.unitravel.serviciosTest.AdministradorServicioTest" time="0.028"/>
  <testcase name="actualizarAdministradorTest()" classname="co.edu.uniquindio.unitravel.serviciosTest.AdministradorServicioTest" time="0.012"/>
  <testcase name="eliminarAdminHotelTest()" classname="co.edu.uniquindio.unitravel.serviciosTest.AdministradorServicioTest" time="0.701"/>
  <testcase name="registrarVueloTest()" classname="co.edu.uniquindio.unitravel.serviciosTest.AdministradorServicioTest" time="0.344"/>
  <testcase name="registrarAdministradorTest()" classname="co.edu.uniquindio.unitravel.serviciosTest.AdministradorServicioTest" time="0.011"/>
  <testcase name="listarAdministradoresTest()" classname="co.edu.uniquindio.unitravel.serviciosTest.AdministradorServicioTest" time="0.012"/>
  <testcase name="actualizarAdminHotelTest()" classname="co.edu.uniquindio.unitravel.serviciosTest.AdministradorServicioTest" time="0.463"/>
  <testcase name="listarCiudadesTest()" classname="co.edu.uniquindio.unitravel.serviciosTest.AdministradorServicioTest" time="0.278"/>
  <testcase name="eliminarVueloTest()" classname="co.edu.uniquindio.unitravel.serviciosTest.AdministradorServicioTest" time="0.243"/>
  <testcase name="eliminarCiudadTest()" classname="co.edu.uniquindio.unitravel.serviciosTest.AdministradorServicioTest" time="0.894"/>
  <testcase name="listarVueloTest()" classname="co.edu.uniquindio.unitravel.serviciosTest.AdministradorServicioTest" time="0.394"/>
  <testcase name="registrarAdminHotelTest()" classname="co.edu.uniquindio.unitravel.serviciosTest.AdministradorServicioTest" time="0.253"/>
  <testcase name="validarLoginAdministradorTest()" classname="co.edu.uniquindio.unitravel.serviciosTest.AdministradorServicioTest" time="0.211"/>
  <system-out><![CDATA[23:36:46.422 [Test worker] DEBUG org.springframework.test.context.BootstrapUtils - Instantiating CacheAwareContextLoaderDelegate from class [org.springframework.test.context.cache.DefaultCacheAwareContextLoaderDelegate]
23:36:46.437 [Test worker] DEBUG org.springframework.test.context.BootstrapUtils - Instantiating BootstrapContext using constructor [public org.springframework.test.context.support.DefaultBootstrapContext(java.lang.Class,org.springframework.test.context.CacheAwareContextLoaderDelegate)]
23:36:46.487 [Test worker] DEBUG org.springframework.test.context.BootstrapUtils - Instantiating TestContextBootstrapper for test class [co.edu.uniquindio.unitravel.serviciosTest.AdministradorServicioTest] from class [org.springframework.boot.test.context.SpringBootTestContextBootstrapper]
23:36:46.504 [Test worker] INFO org.springframework.boot.test.context.SpringBootTestContextBootstrapper - Neither @ContextConfiguration nor @ContextHierarchy found for test class [co.edu.uniquindio.unitravel.serviciosTest.AdministradorServicioTest], using SpringBootContextLoader
23:36:46.511 [Test worker] DEBUG org.springframework.test.context.support.AbstractContextLoader - Did not detect default resource location for test class [co.edu.uniquindio.unitravel.serviciosTest.AdministradorServicioTest]: class path resource [co/edu/uniquindio/unitravel/serviciosTest/AdministradorServicioTest-context.xml] does not exist
23:36:46.513 [Test worker] DEBUG org.springframework.test.context.support.AbstractContextLoader - Did not detect default resource location for test class [co.edu.uniquindio.unitravel.serviciosTest.AdministradorServicioTest]: class path resource [co/edu/uniquindio/unitravel/serviciosTest/AdministradorServicioTestContext.groovy] does not exist
23:36:46.513 [Test worker] INFO org.springframework.test.context.support.AbstractContextLoader - Could not detect default resource locations for test class [co.edu.uniquindio.unitravel.serviciosTest.AdministradorServicioTest]: no resource found for suffixes {-context.xml, Context.groovy}.
23:36:46.516 [Test worker] INFO org.springframework.test.context.support.AnnotationConfigContextLoaderUtils - Could not detect default configuration classes for test class [co.edu.uniquindio.unitravel.serviciosTest.AdministradorServicioTest]: AdministradorServicioTest does not declare any static, non-private, non-final, nested classes annotated with @Configuration.
23:36:46.583 [Test worker] DEBUG org.springframework.test.context.support.ActiveProfilesUtils - Could not find an 'annotation declaring class' for annotation type [org.springframework.test.context.ActiveProfiles] and class [co.edu.uniquindio.unitravel.serviciosTest.AdministradorServicioTest]
23:36:46.733 [Test worker] DEBUG org.springframework.context.annotation.ClassPathScanningCandidateComponentProvider - Identified candidate component class: file [C:\Users\juan_\OneDrive\Escritorio\Universidad\2022_1\Programación Avanzada\Proyecto_final\Unitravel\Persistencia\build\classes\java\main\co\edu\uniquindio\unitravel\PersistenciaApplication.class]
23:36:46.735 [Test worker] INFO org.springframework.boot.test.context.SpringBootTestContextBootstrapper - Found @SpringBootConfiguration co.edu.uniquindio.unitravel.PersistenciaApplication for test class co.edu.uniquindio.unitravel.serviciosTest.AdministradorServicioTest
23:36:46.879 [Test worker] DEBUG org.springframework.boot.test.context.SpringBootTestContextBootstrapper - @TestExecutionListeners is not present for class [co.edu.uniquindio.unitravel.serviciosTest.AdministradorServicioTest]: using defaults.
23:36:46.880 [Test worker] INFO org.springframework.boot.test.context.SpringBootTestContextBootstrapper - Loaded default TestExecutionListener class names from location [META-INF/spring.factories]: [org.springframework.boot.test.autoconfigure.restdocs.RestDocsTestExecutionListener, org.springframework.boot.test.autoconfigure.web.client.MockRestServiceServerResetTestExecutionListener, org.springframework.boot.test.autoconfigure.web.servlet.MockMvcPrintOnlyOnFailureTestExecutionListener, org.springframework.boot.test.autoconfigure.web.servlet.WebDriverTestExecutionListener, org.springframework.boot.test.autoconfigure.webservices.client.MockWebServiceServerTestExecutionListener, org.springframework.boot.test.mock.mockito.MockitoTestExecutionListener, org.springframework.boot.test.mock.mockito.ResetMocksTestExecutionListener, org.springframework.test.context.web.ServletTestExecutionListener, org.springframework.test.context.support.DirtiesContextBeforeModesTestExecutionListener, org.springframework.test.context.event.ApplicationEventsTestExecutionListener, org.springframework.test.context.support.DependencyInjectionTestExecutionListener, org.springframework.test.context.support.DirtiesContextTestExecutionListener, org.springframework.test.context.transaction.TransactionalTestExecutionListener, org.springframework.test.context.jdbc.SqlScriptsTestExecutionListener, org.springframework.test.context.event.EventPublishingTestExecutionListener]
23:36:46.891 [Test worker] DEBUG org.springframework.boot.test.context.SpringBootTestContextBootstrapper - Skipping candidate TestExecutionListener [org.springframework.test.context.web.ServletTestExecutionListener] due to a missing dependency. Specify custom listener classes or make the default listener classes and their required dependencies available. Offending class: [javax/servlet/ServletContext]
23:36:46.900 [Test worker] INFO org.springframework.boot.test.context.SpringBootTestContextBootstrapper - Using TestExecutionListeners: [org.springframework.test.context.support.DirtiesContextBeforeModesTestExecutionListener@2f932a0d, org.springframework.test.context.event.ApplicationEventsTestExecutionListener@28c4c362, org.springframework.boot.test.mock.mockito.MockitoTestExecutionListener@1e11b474, org.springframework.boot.test.autoconfigure.SpringBootDependencyInjectionTestExecutionListener@25a5adeb, org.springframework.test.context.support.DirtiesContextTestExecutionListener@13502810, org.springframework.test.context.transaction.TransactionalTestExecutionListener@1d8126cb, org.springframework.test.context.jdbc.SqlScriptsTestExecutionListener@e20831b, org.springframework.test.context.event.EventPublishingTestExecutionListener@6e2bdc1, org.springframework.boot.test.autoconfigure.restdocs.RestDocsTestExecutionListener@146005a5, org.springframework.boot.test.autoconfigure.web.client.MockRestServiceServerResetTestExecutionListener@c3de9c, org.springframework.boot.test.autoconfigure.web.servlet.MockMvcPrintOnlyOnFailureTestExecutionListener@af1adc4, org.springframework.boot.test.autoconfigure.web.servlet.WebDriverTestExecutionListener@19ee05ee, org.springframework.boot.test.autoconfigure.webservices.client.MockWebServiceServerTestExecutionListener@d37765b, org.springframework.boot.test.mock.mockito.ResetMocksTestExecutionListener@139e7e5f]
23:36:46.906 [Test worker] DEBUG org.springframework.test.context.support.AbstractDirtiesContextTestExecutionListener - Before test class: context [DefaultTestContext@34d4fd2 testClass = AdministradorServicioTest, testInstance = [null], testMethod = [null], testException = [null], mergedContextConfiguration = [MergedContextConfiguration@11423333 testClass = AdministradorServicioTest, locations = '{}', classes = '{class co.edu.uniquindio.unitravel.PersistenciaApplication}', contextInitializerClasses = '[]', activeProfiles = '{}', propertySourceLocations = '{}', propertySourceProperties = '{org.springframework.boot.test.context.SpringBootTestContextBootstrapper=true}', contextCustomizers = set[org.springframework.boot.test.autoconfigure.actuate.metrics.MetricsExportContextCustomizerFactory$DisableMetricExportContextCustomizer@66b9f4c7, org.springframework.boot.test.autoconfigure.properties.PropertyMappingContextCustomizer@0, org.springframework.boot.test.autoconfigure.web.servlet.WebDriverContextCustomizerFactory$Customizer@5f76cc36, org.springframework.boot.test.context.filter.ExcludeFilterContextCustomizer@1a3db72f, org.springframework.boot.test.json.DuplicateJsonObjectContextCustomizerFactory$DuplicateJsonObjectContextCustomizer@5becc1fc, org.springframework.boot.test.mock.mockito.MockitoContextCustomizer@0, org.springframework.boot.test.web.client.TestRestTemplateContextCustomizer@52196df8, org.springframework.boot.test.context.SpringBootTestArgs@1, org.springframework.boot.test.context.SpringBootTestWebEnvironment@21bc93a2], contextLoader = 'org.springframework.boot.test.context.SpringBootContextLoader', parent = [null]], attributes = map[[empty]]], class annotated with @DirtiesContext [false] with mode [null].
23:36:46.919 [Test worker] DEBUG org.springframework.test.context.support.DependencyInjectionTestExecutionListener - Performing dependency injection for test context [[DefaultTestContext@34d4fd2 testClass = AdministradorServicioTest, testInstance = co.edu.uniquindio.unitravel.serviciosTest.AdministradorServicioTest@4eb7e8be, testMethod = [null], testException = [null], mergedContextConfiguration = [MergedContextConfiguration@11423333 testClass = AdministradorServicioTest, locations = '{}', classes = '{class co.edu.uniquindio.unitravel.PersistenciaApplication}', contextInitializerClasses = '[]', activeProfiles = '{}', propertySourceLocations = '{}', propertySourceProperties = '{org.springframework.boot.test.context.SpringBootTestContextBootstrapper=true}', contextCustomizers = set[org.springframework.boot.test.autoconfigure.actuate.metrics.MetricsExportContextCustomizerFactory$DisableMetricExportContextCustomizer@66b9f4c7, org.springframework.boot.test.autoconfigure.properties.PropertyMappingContextCustomizer@0, org.springframework.boot.test.autoconfigure.web.servlet.WebDriverContextCustomizerFactory$Customizer@5f76cc36, org.springframework.boot.test.context.filter.ExcludeFilterContextCustomizer@1a3db72f, org.springframework.boot.test.json.DuplicateJsonObjectContextCustomizerFactory$DuplicateJsonObjectContextCustomizer@5becc1fc, org.springframework.boot.test.mock.mockito.MockitoContextCustomizer@0, org.springframework.boot.test.web.client.TestRestTemplateContextCustomizer@52196df8, org.springframework.boot.test.context.SpringBootTestArgs@1, org.springframework.boot.test.context.SpringBootTestWebEnvironment@21bc93a2], contextLoader = 'org.springframework.boot.test.context.SpringBootContextLoader', parent = [null]], attributes = map['org.springframework.test.context.event.ApplicationEventsTestExecutionListener.recordApplicationEvents' -> false]]].

  .   ____          _            __ _ _
 /\\ / ___'_ __ _ _(_)_ __  __ _ \ \ \ \
( ( )\___ | '_ | '_| | '_ \/ _` | \ \ \ \
 \\/  ___)| |_)| | | | | || (_| |  ) ) ) )
  '  |____| .__|_| |_|_| |_\__, | / / / /
 =========|_|==============|___/=/_/_/_/
 :: Spring Boot ::                (v2.6.4)

2022-05-06 23:36:47.346  INFO 16900 --- [    Test worker] c.e.u.u.s.AdministradorServicioTest      : Starting AdministradorServicioTest using Java 11.0.12 on DESKTOP-PAF57AB with PID 16900 (started by juan_ in C:\Users\juan_\OneDrive\Escritorio\Universidad\2022_1\Programación Avanzada\Proyecto_final\Unitravel\Persistencia)
2022-05-06 23:36:47.348  INFO 16900 --- [    Test worker] c.e.u.u.s.AdministradorServicioTest      : No active profile set, falling back to 1 default profile: "default"
2022-05-06 23:36:48.232  INFO 16900 --- [    Test worker] .s.d.r.c.RepositoryConfigurationDelegate : Bootstrapping Spring Data JPA repositories in DEFAULT mode.
2022-05-06 23:36:48.421  INFO 16900 --- [    Test worker] .s.d.r.c.RepositoryConfigurationDelegate : Finished Spring Data repository scanning in 172 ms. Found 12 JPA repository interfaces.
2022-05-06 23:36:49.302  INFO 16900 --- [    Test worker] o.hibernate.jpa.internal.util.LogHelper  : HHH000204: Processing PersistenceUnitInfo [name: default]
2022-05-06 23:36:49.387  INFO 16900 --- [    Test worker] org.hibernate.Version                    : HHH000412: Hibernate ORM core version 5.6.5.Final
2022-05-06 23:36:49.686  INFO 16900 --- [    Test worker] o.hibernate.annotations.common.Version   : HCANN000001: Hibernate Commons Annotations {5.1.2.Final}
2022-05-06 23:36:49.897  INFO 16900 --- [    Test worker] com.zaxxer.hikari.HikariDataSource       : HikariPool-1 - Starting...
2022-05-06 23:36:50.436  INFO 16900 --- [    Test worker] com.zaxxer.hikari.HikariDataSource       : HikariPool-1 - Start completed.
2022-05-06 23:36:50.497  INFO 16900 --- [    Test worker] org.hibernate.dialect.Dialect            : HHH000400: Using dialect: org.hibernate.dialect.MySQL8Dialect
2022-05-06 23:36:50.688  WARN 16900 --- [    Test worker] org.hibernate.cfg.AnnotationBinder       : HHH000503: A class should not be annotated with both @Inheritance and @MappedSuperclass. @Inheritance will be ignored for: co.edu.uniquindio.unitravel.entidades.Persona.
Hibernate: alter table comentario drop foreign key FKeq7rl8ggo6hfqvj6817ues5c8
Hibernate: alter table comentario drop foreign key FK53odol754dx1lrxkdvy175qk
Hibernate: alter table foto drop foreign key FKfpnm06bmu3e09hngockoy5b6q
Hibernate: alter table foto drop foreign key FKikn22yuccwfg7mqmnc1lvypsq
Hibernate: alter table habitacion drop foreign key FKo2i9p4imyrypljg9pws6mmpk3
Hibernate: alter table habitacion_camas drop foreign key FKfie2hwr3ckjnp9ra6563gw6in
Hibernate: alter table habitacion_caracteristicas drop foreign key FKgduovtuc06sa1mhopmxn32y8w
Hibernate: alter table habitacion_caracteristicas drop foreign key FKr27umh8lcxeet0t1yv4qd3epi
Hibernate: alter table hotel drop foreign key FKhio9iaf4qxneyn65w1icnumru
Hibernate: alter table hotel drop foreign key FKhdeld7xpv81vrjhh1fpsngytr
Hibernate: alter table hotel_caracteristicas drop foreign key FKsc8e4jxhtus4x4e1oyls00i0u
Hibernate: alter table hotel_caracteristicas drop foreign key FKpkh1jjifi9tpdkh39g88xudj7
Hibernate: alter table hotel_telefonos_hotel drop foreign key FKfvv737pdn3omehfy4j5761x1j
Hibernate: alter table reserva drop foreign key FK1yg7946tyagna6ry2sgm1udsj
Hibernate: alter table reserva drop foreign key FK45bh2hv4j9tgv8x12ws70m50w
Hibernate: alter table silla_reservas drop foreign key FKkghjcnwmxpv8naab93jmt2ft4
Hibernate: alter table silla_reservas drop foreign key FKcuo2ubc0hpucjlm6w40r5i4c6
Hibernate: alter table vuelo drop foreign key FKss130nruyik6hepsigc48a2l8
Hibernate: alter table vuelo drop foreign key FKld5x2yxtorwiji094orguxdiy
Hibernate: drop table if exists admin_hotel
Hibernate: drop table if exists administrador
Hibernate: drop table if exists caracteristica
Hibernate: drop table if exists ciudad
Hibernate: drop table if exists comentario
Hibernate: drop table if exists foto
Hibernate: drop table if exists habitacion
Hibernate: drop table if exists habitacion_camas
Hibernate: drop table if exists habitacion_caracteristicas
Hibernate: drop table if exists hibernate_sequence
Hibernate: drop table if exists hotel
Hibernate: drop table if exists hotel_caracteristicas
Hibernate: drop table if exists hotel_telefonos_hotel
Hibernate: drop table if exists reserva
Hibernate: drop table if exists silla
Hibernate: drop table if exists silla_reservas
Hibernate: drop table if exists usuario
Hibernate: drop table if exists vuelo
Hibernate: create table admin_hotel (cedula varchar(10) not null, email varchar(200) not null, nombre varchar(200) not null, password varchar(8) not null, primary key (cedula)) engine=InnoDB
Hibernate: create table administrador (cedula varchar(10) not null, email varchar(200) not null, nombre varchar(200) not null, password varchar(8) not null, primary key (cedula)) engine=InnoDB
Hibernate: create table caracteristica (cod_caracteristica integer not null auto_increment, descripcion varchar(100) not null, primary key (cod_caracteristica)) engine=InnoDB
Hibernate: create table ciudad (cod_ciudad integer not null, nombre varchar(100) not null, primary key (cod_ciudad)) engine=InnoDB
Hibernate: create table comentario (cod_comentario integer not null auto_increment, calificacion double precision not null, descripcion varchar(300) not null, fecha_comentario date not null, comentario_hotel_cod_hotel integer, usuario_cedula varchar(10), primary key (cod_comentario)) engine=InnoDB
Hibernate: create table foto (cod_foto integer not null, ruta varchar(255) not null, cod_habitacion_cod_habitacion integer, cod_hotel_cod_hotel integer, primary key (cod_foto)) engine=InnoDB
Hibernate: create table habitacion (cod_habitacion integer not null, capacidad integer not null, numero integer not null, precio double precision not null, hotel_cod_hotel integer, primary key (cod_habitacion)) engine=InnoDB
Hibernate: create table habitacion_camas (habitacion_cod_habitacion integer not null, camas integer) engine=InnoDB
Hibernate: create table habitacion_caracteristicas (cod_habitaciones_cod_habitacion integer not null, caracteristicas_cod_caracteristica integer not null) engine=InnoDB
Hibernate: create table hibernate_sequence (next_val bigint) engine=InnoDB
Hibernate: insert into hibernate_sequence values ( 1 )
Hibernate: create table hotel (cod_hotel integer not null auto_increment, direccion varchar(100) not null, nombre varchar(200) not null, num_estrellas double precision not null, administrador_cedula varchar(10), cod_ciudad_cod_ciudad integer, primary key (cod_hotel)) engine=InnoDB
Hibernate: create table hotel_caracteristicas (cod_hotel_cod_hotel integer not null, caracteristicas_cod_caracteristica integer not null) engine=InnoDB
Hibernate: create table hotel_telefonos_hotel (hotel_cod_hotel integer not null, telefonos_hotel varchar(255)) engine=InnoDB
Hibernate: create table reserva (cod_reserva integer not null auto_increment, fecha_llegada date not null, fecha_reserva date not null, fecha_salida date not null, metodo_de_pago integer not null, valor double precision not null, hotel_cod_hotel integer, usuario_cedula varchar(10), primary key (cod_reserva)) engine=InnoDB
Hibernate: create table silla (cod_silla integer not null auto_increment, primary key (cod_silla)) engine=InnoDB
Hibernate: create table silla_reservas (sillas_cod_silla integer not null, reservas_cod_reserva integer not null) engine=InnoDB
Hibernate: create table usuario (cedula varchar(10) not null, email varchar(200) not null, nombre varchar(200) not null, password varchar(8) not null, is_afiliado bit, primary key (cedula)) engine=InnoDB
Hibernate: create table vuelo (codigo integer not null auto_increment, aerolinea varchar(255) not null, costo double precision not null, fecha date not null, hora_aterrizaje time not null, hora_despegue time not null, silla integer not null, cod_destino_cod_ciudad integer, cod_origen_cod_ciudad integer, primary key (codigo)) engine=InnoDB
Hibernate: alter table admin_hotel add constraint UK_d4n805h6q6xh6dmgl6rw7tf9m unique (email)
Hibernate: alter table administrador add constraint UK_h121ki47maojpkmvdvqf87ybo unique (email)
Hibernate: alter table usuario add constraint UK_5171l57faosmj8myawaucatdw unique (email)
Hibernate: alter table comentario add constraint FKeq7rl8ggo6hfqvj6817ues5c8 foreign key (comentario_hotel_cod_hotel) references hotel (cod_hotel)
Hibernate: alter table comentario add constraint FK53odol754dx1lrxkdvy175qk foreign key (usuario_cedula) references usuario (cedula)
Hibernate: alter table foto add constraint FKfpnm06bmu3e09hngockoy5b6q foreign key (cod_habitacion_cod_habitacion) references habitacion (cod_habitacion)
Hibernate: alter table foto add constraint FKikn22yuccwfg7mqmnc1lvypsq foreign key (cod_hotel_cod_hotel) references hotel (cod_hotel)
Hibernate: alter table habitacion add constraint FKo2i9p4imyrypljg9pws6mmpk3 foreign key (hotel_cod_hotel) references hotel (cod_hotel)
Hibernate: alter table habitacion_camas add constraint FKfie2hwr3ckjnp9ra6563gw6in foreign key (habitacion_cod_habitacion) references habitacion (cod_habitacion)
Hibernate: alter table habitacion_caracteristicas add constraint FKgduovtuc06sa1mhopmxn32y8w foreign key (caracteristicas_cod_caracteristica) references caracteristica (cod_caracteristica)
Hibernate: alter table habitacion_caracteristicas add constraint FKr27umh8lcxeet0t1yv4qd3epi foreign key (cod_habitaciones_cod_habitacion) references habitacion (cod_habitacion)
Hibernate: alter table hotel add constraint FKhio9iaf4qxneyn65w1icnumru foreign key (administrador_cedula) references admin_hotel (cedula)
Hibernate: alter table hotel add constraint FKhdeld7xpv81vrjhh1fpsngytr foreign key (cod_ciudad_cod_ciudad) references ciudad (cod_ciudad)
Hibernate: alter table hotel_caracteristicas add constraint FKsc8e4jxhtus4x4e1oyls00i0u foreign key (caracteristicas_cod_caracteristica) references caracteristica (cod_caracteristica)
Hibernate: alter table hotel_caracteristicas add constraint FKpkh1jjifi9tpdkh39g88xudj7 foreign key (cod_hotel_cod_hotel) references hotel (cod_hotel)
Hibernate: alter table hotel_telefonos_hotel add constraint FKfvv737pdn3omehfy4j5761x1j foreign key (hotel_cod_hotel) references hotel (cod_hotel)
Hibernate: alter table reserva add constraint FK1yg7946tyagna6ry2sgm1udsj foreign key (hotel_cod_hotel) references hotel (cod_hotel)
Hibernate: alter table reserva add constraint FK45bh2hv4j9tgv8x12ws70m50w foreign key (usuario_cedula) references usuario (cedula)
Hibernate: alter table silla_reservas add constraint FKkghjcnwmxpv8naab93jmt2ft4 foreign key (reservas_cod_reserva) references reserva (cod_reserva)
Hibernate: alter table silla_reservas add constraint FKcuo2ubc0hpucjlm6w40r5i4c6 foreign key (sillas_cod_silla) references silla (cod_silla)
Hibernate: alter table vuelo add constraint FKss130nruyik6hepsigc48a2l8 foreign key (cod_destino_cod_ciudad) references ciudad (cod_ciudad)
Hibernate: alter table vuelo add constraint FKld5x2yxtorwiji094orguxdiy foreign key (cod_origen_cod_ciudad) references ciudad (cod_ciudad)
2022-05-06 23:38:19.060  INFO 16900 --- [    Test worker] o.h.e.t.j.p.i.JtaPlatformInitiator       : HHH000490: Using JtaPlatform implementation: [org.hibernate.engine.transaction.jta.platform.internal.NoJtaPlatform]
2022-05-06 23:38:19.072  INFO 16900 --- [    Test worker] j.LocalContainerEntityManagerFactoryBean : Initialized JPA EntityManagerFactory for persistence unit 'default'
2022-05-06 23:38:20.638  INFO 16900 --- [    Test worker] c.e.u.u.s.AdministradorServicioTest      : Started AdministradorServicioTest in 93.69 seconds (JVM running for 95.445)
2022-05-06 23:38:20.681  INFO 16900 --- [    Test worker] o.s.t.c.transaction.TransactionContext   : Began transaction (1) for test context [DefaultTestContext@34d4fd2 testClass = AdministradorServicioTest, testInstance = co.edu.uniquindio.unitravel.serviciosTest.AdministradorServicioTest@4eb7e8be, testMethod = actualizarVueloTest@AdministradorServicioTest, testException = [null], mergedContextConfiguration = [MergedContextConfiguration@11423333 testClass = AdministradorServicioTest, locations = '{}', classes = '{class co.edu.uniquindio.unitravel.PersistenciaApplication}', contextInitializerClasses = '[]', activeProfiles = '{}', propertySourceLocations = '{}', propertySourceProperties = '{org.springframework.boot.test.context.SpringBootTestContextBootstrapper=true}', contextCustomizers = set[org.springframework.boot.test.autoconfigure.actuate.metrics.MetricsExportContextCustomizerFactory$DisableMetricExportContextCustomizer@66b9f4c7, org.springframework.boot.test.autoconfigure.properties.PropertyMappingContextCustomizer@0, org.springframework.boot.test.autoconfigure.web.servlet.WebDriverContextCustomizerFactory$Customizer@5f76cc36, org.springframework.boot.test.context.filter.ExcludeFilterContextCustomizer@1a3db72f, org.springframework.boot.test.json.DuplicateJsonObjectContextCustomizerFactory$DuplicateJsonObjectContextCustomizer@5becc1fc, org.springframework.boot.test.mock.mockito.MockitoContextCustomizer@0, org.springframework.boot.test.web.client.TestRestTemplateContextCustomizer@52196df8, org.springframework.boot.test.context.SpringBootTestArgs@1, org.springframework.boot.test.context.SpringBootTestWebEnvironment@21bc93a2], contextLoader = 'org.springframework.boot.test.context.SpringBootContextLoader', parent = [null]], attributes = map['org.springframework.test.context.event.ApplicationEventsTestExecutionListener.recordApplicationEvents' -> false]]; transaction manager [org.springframework.orm.jpa.JpaTransactionManager@2777c52]; rollback [true]
Hibernate: select vuelo0_.codigo as codigo1_16_0_, vuelo0_.aerolinea as aeroline2_16_0_, vuelo0_.cod_destino_cod_ciudad as cod_dest8_16_0_, vuelo0_.cod_origen_cod_ciudad as cod_orig9_16_0_, vuelo0_.costo as costo3_16_0_, vuelo0_.fecha as fecha4_16_0_, vuelo0_.hora_aterrizaje as hora_ate5_16_0_, vuelo0_.hora_despegue as hora_des6_16_0_, vuelo0_.silla as silla7_16_0_, ciudad1_.cod_ciudad as cod_ciud1_3_1_, ciudad1_.nombre as nombre2_3_1_, ciudad2_.cod_ciudad as cod_ciud1_3_2_, ciudad2_.nombre as nombre2_3_2_ from vuelo vuelo0_ left outer join ciudad ciudad1_ on vuelo0_.cod_destino_cod_ciudad=ciudad1_.cod_ciudad left outer join ciudad ciudad2_ on vuelo0_.cod_origen_cod_ciudad=ciudad2_.cod_ciudad where vuelo0_.codigo=?
2022-05-06 23:38:24.562  INFO 16900 --- [    Test worker] o.s.t.c.transaction.TransactionContext   : Rolled back transaction for test: [DefaultTestContext@34d4fd2 testClass = AdministradorServicioTest, testInstance = co.edu.uniquindio.unitravel.serviciosTest.AdministradorServicioTest@4eb7e8be, testMethod = actualizarVueloTest@AdministradorServicioTest, testException = [null], mergedContextConfiguration = [MergedContextConfiguration@11423333 testClass = AdministradorServicioTest, locations = '{}', classes = '{class co.edu.uniquindio.unitravel.PersistenciaApplication}', contextInitializerClasses = '[]', activeProfiles = '{}', propertySourceLocations = '{}', propertySourceProperties = '{org.springframework.boot.test.context.SpringBootTestContextBootstrapper=true}', contextCustomizers = set[org.springframework.boot.test.autoconfigure.actuate.metrics.MetricsExportContextCustomizerFactory$DisableMetricExportContextCustomizer@66b9f4c7, org.springframework.boot.test.autoconfigure.properties.PropertyMappingContextCustomizer@0, org.springframework.boot.test.autoconfigure.web.servlet.WebDriverContextCustomizerFactory$Customizer@5f76cc36, org.springframework.boot.test.context.filter.ExcludeFilterContextCustomizer@1a3db72f, org.springframework.boot.test.json.DuplicateJsonObjectContextCustomizerFactory$DuplicateJsonObjectContextCustomizer@5becc1fc, org.springframework.boot.test.mock.mockito.MockitoContextCustomizer@0, org.springframework.boot.test.web.client.TestRestTemplateContextCustomizer@52196df8, org.springframework.boot.test.context.SpringBootTestArgs@1, org.springframework.boot.test.context.SpringBootTestWebEnvironment@21bc93a2], contextLoader = 'org.springframework.boot.test.context.SpringBootContextLoader', parent = [null]], attributes = map['org.springframework.test.context.event.ApplicationEventsTestExecutionListener.recordApplicationEvents' -> false]]
2022-05-06 23:38:24.573  INFO 16900 --- [    Test worker] o.s.t.c.transaction.TransactionContext   : Began transaction (1) for test context [DefaultTestContext@34d4fd2 testClass = AdministradorServicioTest, testInstance = co.edu.uniquindio.unitravel.serviciosTest.AdministradorServicioTest@517adf78, testMethod = obtenerCiudadTest@AdministradorServicioTest, testException = [null], mergedContextConfiguration = [MergedContextConfiguration@11423333 testClass = AdministradorServicioTest, locations = '{}', classes = '{class co.edu.uniquindio.unitravel.PersistenciaApplication}', contextInitializerClasses = '[]', activeProfiles = '{}', propertySourceLocations = '{}', propertySourceProperties = '{org.springframework.boot.test.context.SpringBootTestContextBootstrapper=true}', contextCustomizers = set[org.springframework.boot.test.autoconfigure.actuate.metrics.MetricsExportContextCustomizerFactory$DisableMetricExportContextCustomizer@66b9f4c7, org.springframework.boot.test.autoconfigure.properties.PropertyMappingContextCustomizer@0, org.springframework.boot.test.autoconfigure.web.servlet.WebDriverContextCustomizerFactory$Customizer@5f76cc36, org.springframework.boot.test.context.filter.ExcludeFilterContextCustomizer@1a3db72f, org.springframework.boot.test.json.DuplicateJsonObjectContextCustomizerFactory$DuplicateJsonObjectContextCustomizer@5becc1fc, org.springframework.boot.test.mock.mockito.MockitoContextCustomizer@0, org.springframework.boot.test.web.client.TestRestTemplateContextCustomizer@52196df8, org.springframework.boot.test.context.SpringBootTestArgs@1, org.springframework.boot.test.context.SpringBootTestWebEnvironment@21bc93a2], contextLoader = 'org.springframework.boot.test.context.SpringBootContextLoader', parent = [null]], attributes = map['org.springframework.test.context.event.ApplicationEventsTestExecutionListener.recordApplicationEvents' -> false]]; transaction manager [org.springframework.orm.jpa.JpaTransactionManager@2777c52]; rollback [true]
Hibernate: select ciudad0_.cod_ciudad as cod_ciud1_3_0_, ciudad0_.nombre as nombre2_3_0_ from ciudad ciudad0_ where ciudad0_.cod_ciudad=?
2022-05-06 23:38:27.036  INFO 16900 --- [    Test worker] o.s.t.c.transaction.TransactionContext   : Rolled back transaction for test: [DefaultTestContext@34d4fd2 testClass = AdministradorServicioTest, testInstance = co.edu.uniquindio.unitravel.serviciosTest.AdministradorServicioTest@517adf78, testMethod = obtenerCiudadTest@AdministradorServicioTest, testException = [null], mergedContextConfiguration = [MergedContextConfiguration@11423333 testClass = AdministradorServicioTest, locations = '{}', classes = '{class co.edu.uniquindio.unitravel.PersistenciaApplication}', contextInitializerClasses = '[]', activeProfiles = '{}', propertySourceLocations = '{}', propertySourceProperties = '{org.springframework.boot.test.context.SpringBootTestContextBootstrapper=true}', contextCustomizers = set[org.springframework.boot.test.autoconfigure.actuate.metrics.MetricsExportContextCustomizerFactory$DisableMetricExportContextCustomizer@66b9f4c7, org.springframework.boot.test.autoconfigure.properties.PropertyMappingContextCustomizer@0, org.springframework.boot.test.autoconfigure.web.servlet.WebDriverContextCustomizerFactory$Customizer@5f76cc36, org.springframework.boot.test.context.filter.ExcludeFilterContextCustomizer@1a3db72f, org.springframework.boot.test.json.DuplicateJsonObjectContextCustomizerFactory$DuplicateJsonObjectContextCustomizer@5becc1fc, org.springframework.boot.test.mock.mockito.MockitoContextCustomizer@0, org.springframework.boot.test.web.client.TestRestTemplateContextCustomizer@52196df8, org.springframework.boot.test.context.SpringBootTestArgs@1, org.springframework.boot.test.context.SpringBootTestWebEnvironment@21bc93a2], contextLoader = 'org.springframework.boot.test.context.SpringBootContextLoader', parent = [null]], attributes = map['org.springframework.test.context.event.ApplicationEventsTestExecutionListener.recordApplicationEvents' -> false]]
2022-05-06 23:38:27.038  INFO 16900 --- [    Test worker] o.s.t.c.transaction.TransactionContext   : Began transaction (1) for test context [DefaultTestContext@34d4fd2 testClass = AdministradorServicioTest, testInstance = co.edu.uniquindio.unitravel.serviciosTest.AdministradorServicioTest@538daa01, testMethod = listarAdminsHotelTest@AdministradorServicioTest, testException = [null], mergedContextConfiguration = [MergedContextConfiguration@11423333 testClass = AdministradorServicioTest, locations = '{}', classes = '{class co.edu.uniquindio.unitravel.PersistenciaApplication}', contextInitializerClasses = '[]', activeProfiles = '{}', propertySourceLocations = '{}', propertySourceProperties = '{org.springframework.boot.test.context.SpringBootTestContextBootstrapper=true}', contextCustomizers = set[org.springframework.boot.test.autoconfigure.actuate.metrics.MetricsExportContextCustomizerFactory$DisableMetricExportContextCustomizer@66b9f4c7, org.springframework.boot.test.autoconfigure.properties.PropertyMappingContextCustomizer@0, org.springframework.boot.test.autoconfigure.web.servlet.WebDriverContextCustomizerFactory$Customizer@5f76cc36, org.springframework.boot.test.context.filter.ExcludeFilterContextCustomizer@1a3db72f, org.springframework.boot.test.json.DuplicateJsonObjectContextCustomizerFactory$DuplicateJsonObjectContextCustomizer@5becc1fc, org.springframework.boot.test.mock.mockito.MockitoContextCustomizer@0, org.springframework.boot.test.web.client.TestRestTemplateContextCustomizer@52196df8, org.springframework.boot.test.context.SpringBootTestArgs@1, org.springframework.boot.test.context.SpringBootTestWebEnvironment@21bc93a2], contextLoader = 'org.springframework.boot.test.context.SpringBootContextLoader', parent = [null]], attributes = map['org.springframework.test.context.event.ApplicationEventsTestExecutionListener.recordApplicationEvents' -> false]]; transaction manager [org.springframework.orm.jpa.JpaTransactionManager@2777c52]; rollback [true]
Hibernate: select adminhotel0_.cedula as cedula1_0_, adminhotel0_.email as email2_0_, adminhotel0_.nombre as nombre3_0_, adminhotel0_.password as password4_0_ from admin_hotel adminhotel0_
[Persona(cedula=1, nombre=pablo1, email=pablo1@email.com, password=pablo123), Persona(cedula=2, nombre=pablo2, email=pablo2@email.com, password=pablo123), Persona(cedula=3, nombre=pablo3, email=pablo3@email.com, password=pablo123), Persona(cedula=4, nombre=pablo4, email=pablo4@email.com, password=pablo123), Persona(cedula=5, nombre=pablo5, email=pablo5@email.com, password=pablo123), Persona(cedula=6, nombre=pablo6, email=pablo6@email.com, password=pablo123)]
2022-05-06 23:38:27.792  INFO 16900 --- [    Test worker] o.s.t.c.transaction.TransactionContext   : Rolled back transaction for test: [DefaultTestContext@34d4fd2 testClass = AdministradorServicioTest, testInstance = co.edu.uniquindio.unitravel.serviciosTest.AdministradorServicioTest@538daa01, testMethod = listarAdminsHotelTest@AdministradorServicioTest, testException = [null], mergedContextConfiguration = [MergedContextConfiguration@11423333 testClass = AdministradorServicioTest, locations = '{}', classes = '{class co.edu.uniquindio.unitravel.PersistenciaApplication}', contextInitializerClasses = '[]', activeProfiles = '{}', propertySourceLocations = '{}', propertySourceProperties = '{org.springframework.boot.test.context.SpringBootTestContextBootstrapper=true}', contextCustomizers = set[org.springframework.boot.test.autoconfigure.actuate.metrics.MetricsExportContextCustomizerFactory$DisableMetricExportContextCustomizer@66b9f4c7, org.springframework.boot.test.autoconfigure.properties.PropertyMappingContextCustomizer@0, org.springframework.boot.test.autoconfigure.web.servlet.WebDriverContextCustomizerFactory$Customizer@5f76cc36, org.springframework.boot.test.context.filter.ExcludeFilterContextCustomizer@1a3db72f, org.springframework.boot.test.json.DuplicateJsonObjectContextCustomizerFactory$DuplicateJsonObjectContextCustomizer@5becc1fc, org.springframework.boot.test.mock.mockito.MockitoContextCustomizer@0, org.springframework.boot.test.web.client.TestRestTemplateContextCustomizer@52196df8, org.springframework.boot.test.context.SpringBootTestArgs@1, org.springframework.boot.test.context.SpringBootTestWebEnvironment@21bc93a2], contextLoader = 'org.springframework.boot.test.context.SpringBootContextLoader', parent = [null]], attributes = map['org.springframework.test.context.event.ApplicationEventsTestExecutionListener.recordApplicationEvents' -> false]]
2022-05-06 23:38:27.797  INFO 16900 --- [    Test worker] o.s.t.c.transaction.TransactionContext   : Began transaction (1) for test context [DefaultTestContext@34d4fd2 testClass = AdministradorServicioTest, testInstance = co.edu.uniquindio.unitravel.serviciosTest.AdministradorServicioTest@384c49a4, testMethod = actualizarCiudadTest@AdministradorServicioTest, testException = [null], mergedContextConfiguration = [MergedContextConfiguration@11423333 testClass = AdministradorServicioTest, locations = '{}', classes = '{class co.edu.uniquindio.unitravel.PersistenciaApplication}', contextInitializerClasses = '[]', activeProfiles = '{}', propertySourceLocations = '{}', propertySourceProperties = '{org.springframework.boot.test.context.SpringBootTestContextBootstrapper=true}', contextCustomizers = set[org.springframework.boot.test.autoconfigure.actuate.metrics.MetricsExportContextCustomizerFactory$DisableMetricExportContextCustomizer@66b9f4c7, org.springframework.boot.test.autoconfigure.properties.PropertyMappingContextCustomizer@0, org.springframework.boot.test.autoconfigure.web.servlet.WebDriverContextCustomizerFactory$Customizer@5f76cc36, org.springframework.boot.test.context.filter.ExcludeFilterContextCustomizer@1a3db72f, org.springframework.boot.test.json.DuplicateJsonObjectContextCustomizerFactory$DuplicateJsonObjectContextCustomizer@5becc1fc, org.springframework.boot.test.mock.mockito.MockitoContextCustomizer@0, org.springframework.boot.test.web.client.TestRestTemplateContextCustomizer@52196df8, org.springframework.boot.test.context.SpringBootTestArgs@1, org.springframework.boot.test.context.SpringBootTestWebEnvironment@21bc93a2], contextLoader = 'org.springframework.boot.test.context.SpringBootContextLoader', parent = [null]], attributes = map['org.springframework.test.context.event.ApplicationEventsTestExecutionListener.recordApplicationEvents' -> false]]; transaction manager [org.springframework.orm.jpa.JpaTransactionManager@2777c52]; rollback [true]
Hibernate: select ciudad0_.cod_ciudad as cod_ciud1_3_0_, ciudad0_.nombre as nombre2_3_0_ from ciudad ciudad0_ where ciudad0_.cod_ciudad=?
2022-05-06 23:38:28.114  INFO 16900 --- [    Test worker] o.s.t.c.transaction.TransactionContext   : Rolled back transaction for test: [DefaultTestContext@34d4fd2 testClass = AdministradorServicioTest, testInstance = co.edu.uniquindio.unitravel.serviciosTest.AdministradorServicioTest@384c49a4, testMethod = actualizarCiudadTest@AdministradorServicioTest, testException = [null], mergedContextConfiguration = [MergedContextConfiguration@11423333 testClass = AdministradorServicioTest, locations = '{}', classes = '{class co.edu.uniquindio.unitravel.PersistenciaApplication}', contextInitializerClasses = '[]', activeProfiles = '{}', propertySourceLocations = '{}', propertySourceProperties = '{org.springframework.boot.test.context.SpringBootTestContextBootstrapper=true}', contextCustomizers = set[org.springframework.boot.test.autoconfigure.actuate.metrics.MetricsExportContextCustomizerFactory$DisableMetricExportContextCustomizer@66b9f4c7, org.springframework.boot.test.autoconfigure.properties.PropertyMappingContextCustomizer@0, org.springframework.boot.test.autoconfigure.web.servlet.WebDriverContextCustomizerFactory$Customizer@5f76cc36, org.springframework.boot.test.context.filter.ExcludeFilterContextCustomizer@1a3db72f, org.springframework.boot.test.json.DuplicateJsonObjectContextCustomizerFactory$DuplicateJsonObjectContextCustomizer@5becc1fc, org.springframework.boot.test.mock.mockito.MockitoContextCustomizer@0, org.springframework.boot.test.web.client.TestRestTemplateContextCustomizer@52196df8, org.springframework.boot.test.context.SpringBootTestArgs@1, org.springframework.boot.test.context.SpringBootTestWebEnvironment@21bc93a2], contextLoader = 'org.springframework.boot.test.context.SpringBootContextLoader', parent = [null]], attributes = map['org.springframework.test.context.event.ApplicationEventsTestExecutionListener.recordApplicationEvents' -> false]]
2022-05-06 23:38:28.117  INFO 16900 --- [    Test worker] o.s.t.c.transaction.TransactionContext   : Began transaction (1) for test context [DefaultTestContext@34d4fd2 testClass = AdministradorServicioTest, testInstance = co.edu.uniquindio.unitravel.serviciosTest.AdministradorServicioTest@7c135ecf, testMethod = registrarCiudadTest@AdministradorServicioTest, testException = [null], mergedContextConfiguration = [MergedContextConfiguration@11423333 testClass = AdministradorServicioTest, locations = '{}', classes = '{class co.edu.uniquindio.unitravel.PersistenciaApplication}', contextInitializerClasses = '[]', activeProfiles = '{}', propertySourceLocations = '{}', propertySourceProperties = '{org.springframework.boot.test.context.SpringBootTestContextBootstrapper=true}', contextCustomizers = set[org.springframework.boot.test.autoconfigure.actuate.metrics.MetricsExportContextCustomizerFactory$DisableMetricExportContextCustomizer@66b9f4c7, org.springframework.boot.test.autoconfigure.properties.PropertyMappingContextCustomizer@0, org.springframework.boot.test.autoconfigure.web.servlet.WebDriverContextCustomizerFactory$Customizer@5f76cc36, org.springframework.boot.test.context.filter.ExcludeFilterContextCustomizer@1a3db72f, org.springframework.boot.test.json.DuplicateJsonObjectContextCustomizerFactory$DuplicateJsonObjectContextCustomizer@5becc1fc, org.springframework.boot.test.mock.mockito.MockitoContextCustomizer@0, org.springframework.boot.test.web.client.TestRestTemplateContextCustomizer@52196df8, org.springframework.boot.test.context.SpringBootTestArgs@1, org.springframework.boot.test.context.SpringBootTestWebEnvironment@21bc93a2], contextLoader = 'org.springframework.boot.test.context.SpringBootContextLoader', parent = [null]], attributes = map['org.springframework.test.context.event.ApplicationEventsTestExecutionListener.recordApplicationEvents' -> false]]; transaction manager [org.springframework.orm.jpa.JpaTransactionManager@2777c52]; rollback [true]
Hibernate: select ciudad0_.cod_ciudad as cod_ciud1_3_0_, ciudad0_.nombre as nombre2_3_0_ from ciudad ciudad0_ where ciudad0_.cod_ciudad=?
Hibernate: select ciudad0_.cod_ciudad as cod_ciud1_3_0_, ciudad0_.nombre as nombre2_3_0_ from ciudad ciudad0_ where ciudad0_.cod_ciudad=?
Hibernate: select next_val as id_val from hibernate_sequence for update
Hibernate: update hibernate_sequence set next_val= ? where next_val=?
2022-05-06 23:38:29.124  INFO 16900 --- [    Test worker] o.s.t.c.transaction.TransactionContext   : Rolled back transaction for test: [DefaultTestContext@34d4fd2 testClass = AdministradorServicioTest, testInstance = co.edu.uniquindio.unitravel.serviciosTest.AdministradorServicioTest@7c135ecf, testMethod = registrarCiudadTest@AdministradorServicioTest, testException = [null], mergedContextConfiguration = [MergedContextConfiguration@11423333 testClass = AdministradorServicioTest, locations = '{}', classes = '{class co.edu.uniquindio.unitravel.PersistenciaApplication}', contextInitializerClasses = '[]', activeProfiles = '{}', propertySourceLocations = '{}', propertySourceProperties = '{org.springframework.boot.test.context.SpringBootTestContextBootstrapper=true}', contextCustomizers = set[org.springframework.boot.test.autoconfigure.actuate.metrics.MetricsExportContextCustomizerFactory$DisableMetricExportContextCustomizer@66b9f4c7, org.springframework.boot.test.autoconfigure.properties.PropertyMappingContextCustomizer@0, org.springframework.boot.test.autoconfigure.web.servlet.WebDriverContextCustomizerFactory$Customizer@5f76cc36, org.springframework.boot.test.context.filter.ExcludeFilterContextCustomizer@1a3db72f, org.springframework.boot.test.json.DuplicateJsonObjectContextCustomizerFactory$DuplicateJsonObjectContextCustomizer@5becc1fc, org.springframework.boot.test.mock.mockito.MockitoContextCustomizer@0, org.springframework.boot.test.web.client.TestRestTemplateContextCustomizer@52196df8, org.springframework.boot.test.context.SpringBootTestArgs@1, org.springframework.boot.test.context.SpringBootTestWebEnvironment@21bc93a2], contextLoader = 'org.springframework.boot.test.context.SpringBootContextLoader', parent = [null]], attributes = map['org.springframework.test.context.event.ApplicationEventsTestExecutionListener.recordApplicationEvents' -> false]]
2022-05-06 23:38:29.126  INFO 16900 --- [    Test worker] o.s.t.c.transaction.TransactionContext   : Began transaction (1) for test context [DefaultTestContext@34d4fd2 testClass = AdministradorServicioTest, testInstance = co.edu.uniquindio.unitravel.serviciosTest.AdministradorServicioTest@4a3786e, testMethod = eliminarAdministradorTest@AdministradorServicioTest, testException = [null], mergedContextConfiguration = [MergedContextConfiguration@11423333 testClass = AdministradorServicioTest, locations = '{}', classes = '{class co.edu.uniquindio.unitravel.PersistenciaApplication}', contextInitializerClasses = '[]', activeProfiles = '{}', propertySourceLocations = '{}', propertySourceProperties = '{org.springframework.boot.test.context.SpringBootTestContextBootstrapper=true}', contextCustomizers = set[org.springframework.boot.test.autoconfigure.actuate.metrics.MetricsExportContextCustomizerFactory$DisableMetricExportContextCustomizer@66b9f4c7, org.springframework.boot.test.autoconfigure.properties.PropertyMappingContextCustomizer@0, org.springframework.boot.test.autoconfigure.web.servlet.WebDriverContextCustomizerFactory$Customizer@5f76cc36, org.springframework.boot.test.context.filter.ExcludeFilterContextCustomizer@1a3db72f, org.springframework.boot.test.json.DuplicateJsonObjectContextCustomizerFactory$DuplicateJsonObjectContextCustomizer@5becc1fc, org.springframework.boot.test.mock.mockito.MockitoContextCustomizer@0, org.springframework.boot.test.web.client.TestRestTemplateContextCustomizer@52196df8, org.springframework.boot.test.context.SpringBootTestArgs@1, org.springframework.boot.test.context.SpringBootTestWebEnvironment@21bc93a2], contextLoader = 'org.springframework.boot.test.context.SpringBootContextLoader', parent = [null]], attributes = map['org.springframework.test.context.event.ApplicationEventsTestExecutionListener.recordApplicationEvents' -> false]]; transaction manager [org.springframework.orm.jpa.JpaTransactionManager@2777c52]; rollback [true]
Hibernate: select administra0_.cedula as cedula1_1_0_, administra0_.email as email2_1_0_, administra0_.nombre as nombre3_1_0_, administra0_.password as password4_1_0_ from administrador administra0_ where administra0_.cedula=?
Hibernate: select administra0_.cedula as cedula1_1_, administra0_.email as email2_1_, administra0_.nombre as nombre3_1_, administra0_.password as password4_1_ from administrador administra0_ where administra0_.email=?
Hibernate: select administra0_.cedula as cedula1_1_0_, administra0_.email as email2_1_0_, administra0_.nombre as nombre3_1_0_, administra0_.password as password4_1_0_ from administrador administra0_ where administra0_.cedula=?
2022-05-06 23:38:29.153  INFO 16900 --- [    Test worker] o.s.t.c.transaction.TransactionContext   : Rolled back transaction for test: [DefaultTestContext@34d4fd2 testClass = AdministradorServicioTest, testInstance = co.edu.uniquindio.unitravel.serviciosTest.AdministradorServicioTest@4a3786e, testMethod = eliminarAdministradorTest@AdministradorServicioTest, testException = [null], mergedContextConfiguration = [MergedContextConfiguration@11423333 testClass = AdministradorServicioTest, locations = '{}', classes = '{class co.edu.uniquindio.unitravel.PersistenciaApplication}', contextInitializerClasses = '[]', activeProfiles = '{}', propertySourceLocations = '{}', propertySourceProperties = '{org.springframework.boot.test.context.SpringBootTestContextBootstrapper=true}', contextCustomizers = set[org.springframework.boot.test.autoconfigure.actuate.metrics.MetricsExportContextCustomizerFactory$DisableMetricExportContextCustomizer@66b9f4c7, org.springframework.boot.test.autoconfigure.properties.PropertyMappingContextCustomizer@0, org.springframework.boot.test.autoconfigure.web.servlet.WebDriverContextCustomizerFactory$Customizer@5f76cc36, org.springframework.boot.test.context.filter.ExcludeFilterContextCustomizer@1a3db72f, org.springframework.boot.test.json.DuplicateJsonObjectContextCustomizerFactory$DuplicateJsonObjectContextCustomizer@5becc1fc, org.springframework.boot.test.mock.mockito.MockitoContextCustomizer@0, org.springframework.boot.test.web.client.TestRestTemplateContextCustomizer@52196df8, org.springframework.boot.test.context.SpringBootTestArgs@1, org.springframework.boot.test.context.SpringBootTestWebEnvironment@21bc93a2], contextLoader = 'org.springframework.boot.test.context.SpringBootContextLoader', parent = [null]], attributes = map['org.springframework.test.context.event.ApplicationEventsTestExecutionListener.recordApplicationEvents' -> false]]
2022-05-06 23:38:29.155  INFO 16900 --- [    Test worker] o.s.t.c.transaction.TransactionContext   : Began transaction (1) for test context [DefaultTestContext@34d4fd2 testClass = AdministradorServicioTest, testInstance = co.edu.uniquindio.unitravel.serviciosTest.AdministradorServicioTest@4d5fe5ba, testMethod = actualizarAdministradorTest@AdministradorServicioTest, testException = [null], mergedContextConfiguration = [MergedContextConfiguration@11423333 testClass = AdministradorServicioTest, locations = '{}', classes = '{class co.edu.uniquindio.unitravel.PersistenciaApplication}', contextInitializerClasses = '[]', activeProfiles = '{}', propertySourceLocations = '{}', propertySourceProperties = '{org.springframework.boot.test.context.SpringBootTestContextBootstrapper=true}', contextCustomizers = set[org.springframework.boot.test.autoconfigure.actuate.metrics.MetricsExportContextCustomizerFactory$DisableMetricExportContextCustomizer@66b9f4c7, org.springframework.boot.test.autoconfigure.properties.PropertyMappingContextCustomizer@0, org.springframework.boot.test.autoconfigure.web.servlet.WebDriverContextCustomizerFactory$Customizer@5f76cc36, org.springframework.boot.test.context.filter.ExcludeFilterContextCustomizer@1a3db72f, org.springframework.boot.test.json.DuplicateJsonObjectContextCustomizerFactory$DuplicateJsonObjectContextCustomizer@5becc1fc, org.springframework.boot.test.mock.mockito.MockitoContextCustomizer@0, org.springframework.boot.test.web.client.TestRestTemplateContextCustomizer@52196df8, org.springframework.boot.test.context.SpringBootTestArgs@1, org.springframework.boot.test.context.SpringBootTestWebEnvironment@21bc93a2], contextLoader = 'org.springframework.boot.test.context.SpringBootContextLoader', parent = [null]], attributes = map['org.springframework.test.context.event.ApplicationEventsTestExecutionListener.recordApplicationEvents' -> false]]; transaction manager [org.springframework.orm.jpa.JpaTransactionManager@2777c52]; rollback [true]
Hibernate: select administra0_.cedula as cedula1_1_0_, administra0_.email as email2_1_0_, administra0_.nombre as nombre3_1_0_, administra0_.password as password4_1_0_ from administrador administra0_ where administra0_.cedula=?
Hibernate: select administra0_.cedula as cedula1_1_, administra0_.email as email2_1_, administra0_.nombre as nombre3_1_, administra0_.password as password4_1_ from administrador administra0_ where administra0_.email=?
Hibernate: select administra0_.cedula as cedula1_1_0_, administra0_.email as email2_1_0_, administra0_.nombre as nombre3_1_0_, administra0_.password as password4_1_0_ from administrador administra0_ where administra0_.cedula=?
2022-05-06 23:38:29.166  INFO 16900 --- [    Test worker] o.s.t.c.transaction.TransactionContext   : Rolled back transaction for test: [DefaultTestContext@34d4fd2 testClass = AdministradorServicioTest, testInstance = co.edu.uniquindio.unitravel.serviciosTest.AdministradorServicioTest@4d5fe5ba, testMethod = actualizarAdministradorTest@AdministradorServicioTest, testException = [null], mergedContextConfiguration = [MergedContextConfiguration@11423333 testClass = AdministradorServicioTest, locations = '{}', classes = '{class co.edu.uniquindio.unitravel.PersistenciaApplication}', contextInitializerClasses = '[]', activeProfiles = '{}', propertySourceLocations = '{}', propertySourceProperties = '{org.springframework.boot.test.context.SpringBootTestContextBootstrapper=true}', contextCustomizers = set[org.springframework.boot.test.autoconfigure.actuate.metrics.MetricsExportContextCustomizerFactory$DisableMetricExportContextCustomizer@66b9f4c7, org.springframework.boot.test.autoconfigure.properties.PropertyMappingContextCustomizer@0, org.springframework.boot.test.autoconfigure.web.servlet.WebDriverContextCustomizerFactory$Customizer@5f76cc36, org.springframework.boot.test.context.filter.ExcludeFilterContextCustomizer@1a3db72f, org.springframework.boot.test.json.DuplicateJsonObjectContextCustomizerFactory$DuplicateJsonObjectContextCustomizer@5becc1fc, org.springframework.boot.test.mock.mockito.MockitoContextCustomizer@0, org.springframework.boot.test.web.client.TestRestTemplateContextCustomizer@52196df8, org.springframework.boot.test.context.SpringBootTestArgs@1, org.springframework.boot.test.context.SpringBootTestWebEnvironment@21bc93a2], contextLoader = 'org.springframework.boot.test.context.SpringBootContextLoader', parent = [null]], attributes = map['org.springframework.test.context.event.ApplicationEventsTestExecutionListener.recordApplicationEvents' -> false]]
2022-05-06 23:38:29.170  INFO 16900 --- [    Test worker] o.s.t.c.transaction.TransactionContext   : Began transaction (1) for test context [DefaultTestContext@34d4fd2 testClass = AdministradorServicioTest, testInstance = co.edu.uniquindio.unitravel.serviciosTest.AdministradorServicioTest@6f0c21f4, testMethod = eliminarAdminHotelTest@AdministradorServicioTest, testException = [null], mergedContextConfiguration = [MergedContextConfiguration@11423333 testClass = AdministradorServicioTest, locations = '{}', classes = '{class co.edu.uniquindio.unitravel.PersistenciaApplication}', contextInitializerClasses = '[]', activeProfiles = '{}', propertySourceLocations = '{}', propertySourceProperties = '{org.springframework.boot.test.context.SpringBootTestContextBootstrapper=true}', contextCustomizers = set[org.springframework.boot.test.autoconfigure.actuate.metrics.MetricsExportContextCustomizerFactory$DisableMetricExportContextCustomizer@66b9f4c7, org.springframework.boot.test.autoconfigure.properties.PropertyMappingContextCustomizer@0, org.springframework.boot.test.autoconfigure.web.servlet.WebDriverContextCustomizerFactory$Customizer@5f76cc36, org.springframework.boot.test.context.filter.ExcludeFilterContextCustomizer@1a3db72f, org.springframework.boot.test.json.DuplicateJsonObjectContextCustomizerFactory$DuplicateJsonObjectContextCustomizer@5becc1fc, org.springframework.boot.test.mock.mockito.MockitoContextCustomizer@0, org.springframework.boot.test.web.client.TestRestTemplateContextCustomizer@52196df8, org.springframework.boot.test.context.SpringBootTestArgs@1, org.springframework.boot.test.context.SpringBootTestWebEnvironment@21bc93a2], contextLoader = 'org.springframework.boot.test.context.SpringBootContextLoader', parent = [null]], attributes = map['org.springframework.test.context.event.ApplicationEventsTestExecutionListener.recordApplicationEvents' -> false]]; transaction manager [org.springframework.orm.jpa.JpaTransactionManager@2777c52]; rollback [true]
Hibernate: select adminhotel0_.cedula as cedula1_0_0_, adminhotel0_.email as email2_0_0_, adminhotel0_.nombre as nombre3_0_0_, adminhotel0_.password as password4_0_0_ from admin_hotel adminhotel0_ where adminhotel0_.cedula=?
2022-05-06 23:38:29.868  INFO 16900 --- [    Test worker] o.s.t.c.transaction.TransactionContext   : Rolled back transaction for test: [DefaultTestContext@34d4fd2 testClass = AdministradorServicioTest, testInstance = co.edu.uniquindio.unitravel.serviciosTest.AdministradorServicioTest@6f0c21f4, testMethod = eliminarAdminHotelTest@AdministradorServicioTest, testException = [null], mergedContextConfiguration = [MergedContextConfiguration@11423333 testClass = AdministradorServicioTest, locations = '{}', classes = '{class co.edu.uniquindio.unitravel.PersistenciaApplication}', contextInitializerClasses = '[]', activeProfiles = '{}', propertySourceLocations = '{}', propertySourceProperties = '{org.springframework.boot.test.context.SpringBootTestContextBootstrapper=true}', contextCustomizers = set[org.springframework.boot.test.autoconfigure.actuate.metrics.MetricsExportContextCustomizerFactory$DisableMetricExportContextCustomizer@66b9f4c7, org.springframework.boot.test.autoconfigure.properties.PropertyMappingContextCustomizer@0, org.springframework.boot.test.autoconfigure.web.servlet.WebDriverContextCustomizerFactory$Customizer@5f76cc36, org.springframework.boot.test.context.filter.ExcludeFilterContextCustomizer@1a3db72f, org.springframework.boot.test.json.DuplicateJsonObjectContextCustomizerFactory$DuplicateJsonObjectContextCustomizer@5becc1fc, org.springframework.boot.test.mock.mockito.MockitoContextCustomizer@0, org.springframework.boot.test.web.client.TestRestTemplateContextCustomizer@52196df8, org.springframework.boot.test.context.SpringBootTestArgs@1, org.springframework.boot.test.context.SpringBootTestWebEnvironment@21bc93a2], contextLoader = 'org.springframework.boot.test.context.SpringBootContextLoader', parent = [null]], attributes = map['org.springframework.test.context.event.ApplicationEventsTestExecutionListener.recordApplicationEvents' -> false]]
2022-05-06 23:38:29.870  INFO 16900 --- [    Test worker] o.s.t.c.transaction.TransactionContext   : Began transaction (1) for test context [DefaultTestContext@34d4fd2 testClass = AdministradorServicioTest, testInstance = co.edu.uniquindio.unitravel.serviciosTest.AdministradorServicioTest@43791956, testMethod = registrarVueloTest@AdministradorServicioTest, testException = [null], mergedContextConfiguration = [MergedContextConfiguration@11423333 testClass = AdministradorServicioTest, locations = '{}', classes = '{class co.edu.uniquindio.unitravel.PersistenciaApplication}', contextInitializerClasses = '[]', activeProfiles = '{}', propertySourceLocations = '{}', propertySourceProperties = '{org.springframework.boot.test.context.SpringBootTestContextBootstrapper=true}', contextCustomizers = set[org.springframework.boot.test.autoconfigure.actuate.metrics.MetricsExportContextCustomizerFactory$DisableMetricExportContextCustomizer@66b9f4c7, org.springframework.boot.test.autoconfigure.properties.PropertyMappingContextCustomizer@0, org.springframework.boot.test.autoconfigure.web.servlet.WebDriverContextCustomizerFactory$Customizer@5f76cc36, org.springframework.boot.test.context.filter.ExcludeFilterContextCustomizer@1a3db72f, org.springframework.boot.test.json.DuplicateJsonObjectContextCustomizerFactory$DuplicateJsonObjectContextCustomizer@5becc1fc, org.springframework.boot.test.mock.mockito.MockitoContextCustomizer@0, org.springframework.boot.test.web.client.TestRestTemplateContextCustomizer@52196df8, org.springframework.boot.test.context.SpringBootTestArgs@1, org.springframework.boot.test.context.SpringBootTestWebEnvironment@21bc93a2], contextLoader = 'org.springframework.boot.test.context.SpringBootContextLoader', parent = [null]], attributes = map['org.springframework.test.context.event.ApplicationEventsTestExecutionListener.recordApplicationEvents' -> false]]; transaction manager [org.springframework.orm.jpa.JpaTransactionManager@2777c52]; rollback [true]
Hibernate: select ciudad0_.cod_ciudad as cod_ciud1_3_0_, ciudad0_.nombre as nombre2_3_0_ from ciudad ciudad0_ where ciudad0_.cod_ciudad=?
Hibernate: select ciudad0_.cod_ciudad as cod_ciud1_3_0_, ciudad0_.nombre as nombre2_3_0_ from ciudad ciudad0_ where ciudad0_.cod_ciudad=?
Hibernate: select vuelo0_.codigo as codigo1_16_0_, vuelo0_.aerolinea as aeroline2_16_0_, vuelo0_.cod_destino_cod_ciudad as cod_dest8_16_0_, vuelo0_.cod_origen_cod_ciudad as cod_orig9_16_0_, vuelo0_.costo as costo3_16_0_, vuelo0_.fecha as fecha4_16_0_, vuelo0_.hora_aterrizaje as hora_ate5_16_0_, vuelo0_.hora_despegue as hora_des6_16_0_, vuelo0_.silla as silla7_16_0_, ciudad1_.cod_ciudad as cod_ciud1_3_1_, ciudad1_.nombre as nombre2_3_1_, ciudad2_.cod_ciudad as cod_ciud1_3_2_, ciudad2_.nombre as nombre2_3_2_ from vuelo vuelo0_ left outer join ciudad ciudad1_ on vuelo0_.cod_destino_cod_ciudad=ciudad1_.cod_ciudad left outer join ciudad ciudad2_ on vuelo0_.cod_origen_cod_ciudad=ciudad2_.cod_ciudad where vuelo0_.codigo=?
Hibernate: select vuelo0_.codigo as codigo1_16_0_, vuelo0_.aerolinea as aeroline2_16_0_, vuelo0_.cod_destino_cod_ciudad as cod_dest8_16_0_, vuelo0_.cod_origen_cod_ciudad as cod_orig9_16_0_, vuelo0_.costo as costo3_16_0_, vuelo0_.fecha as fecha4_16_0_, vuelo0_.hora_aterrizaje as hora_ate5_16_0_, vuelo0_.hora_despegue as hora_des6_16_0_, vuelo0_.silla as silla7_16_0_ from vuelo vuelo0_ where vuelo0_.codigo=?
2022-05-06 23:38:30.212  INFO 16900 --- [    Test worker] o.s.t.c.transaction.TransactionContext   : Rolled back transaction for test: [DefaultTestContext@34d4fd2 testClass = AdministradorServicioTest, testInstance = co.edu.uniquindio.unitravel.serviciosTest.AdministradorServicioTest@43791956, testMethod = registrarVueloTest@AdministradorServicioTest, testException = [null], mergedContextConfiguration = [MergedContextConfiguration@11423333 testClass = AdministradorServicioTest, locations = '{}', classes = '{class co.edu.uniquindio.unitravel.PersistenciaApplication}', contextInitializerClasses = '[]', activeProfiles = '{}', propertySourceLocations = '{}', propertySourceProperties = '{org.springframework.boot.test.context.SpringBootTestContextBootstrapper=true}', contextCustomizers = set[org.springframework.boot.test.autoconfigure.actuate.metrics.MetricsExportContextCustomizerFactory$DisableMetricExportContextCustomizer@66b9f4c7, org.springframework.boot.test.autoconfigure.properties.PropertyMappingContextCustomizer@0, org.springframework.boot.test.autoconfigure.web.servlet.WebDriverContextCustomizerFactory$Customizer@5f76cc36, org.springframework.boot.test.context.filter.ExcludeFilterContextCustomizer@1a3db72f, org.springframework.boot.test.json.DuplicateJsonObjectContextCustomizerFactory$DuplicateJsonObjectContextCustomizer@5becc1fc, org.springframework.boot.test.mock.mockito.MockitoContextCustomizer@0, org.springframework.boot.test.web.client.TestRestTemplateContextCustomizer@52196df8, org.springframework.boot.test.context.SpringBootTestArgs@1, org.springframework.boot.test.context.SpringBootTestWebEnvironment@21bc93a2], contextLoader = 'org.springframework.boot.test.context.SpringBootContextLoader', parent = [null]], attributes = map['org.springframework.test.context.event.ApplicationEventsTestExecutionListener.recordApplicationEvents' -> false]]
2022-05-06 23:38:30.215  INFO 16900 --- [    Test worker] o.s.t.c.transaction.TransactionContext   : Began transaction (1) for test context [DefaultTestContext@34d4fd2 testClass = AdministradorServicioTest, testInstance = co.edu.uniquindio.unitravel.serviciosTest.AdministradorServicioTest@23e90224, testMethod = registrarAdministradorTest@AdministradorServicioTest, testException = [null], mergedContextConfiguration = [MergedContextConfiguration@11423333 testClass = AdministradorServicioTest, locations = '{}', classes = '{class co.edu.uniquindio.unitravel.PersistenciaApplication}', contextInitializerClasses = '[]', activeProfiles = '{}', propertySourceLocations = '{}', propertySourceProperties = '{org.springframework.boot.test.context.SpringBootTestContextBootstrapper=true}', contextCustomizers = set[org.springframework.boot.test.autoconfigure.actuate.metrics.MetricsExportContextCustomizerFactory$DisableMetricExportContextCustomizer@66b9f4c7, org.springframework.boot.test.autoconfigure.properties.PropertyMappingContextCustomizer@0, org.springframework.boot.test.autoconfigure.web.servlet.WebDriverContextCustomizerFactory$Customizer@5f76cc36, org.springframework.boot.test.context.filter.ExcludeFilterContextCustomizer@1a3db72f, org.springframework.boot.test.json.DuplicateJsonObjectContextCustomizerFactory$DuplicateJsonObjectContextCustomizer@5becc1fc, org.springframework.boot.test.mock.mockito.MockitoContextCustomizer@0, org.springframework.boot.test.web.client.TestRestTemplateContextCustomizer@52196df8, org.springframework.boot.test.context.SpringBootTestArgs@1, org.springframework.boot.test.context.SpringBootTestWebEnvironment@21bc93a2], contextLoader = 'org.springframework.boot.test.context.SpringBootContextLoader', parent = [null]], attributes = map['org.springframework.test.context.event.ApplicationEventsTestExecutionListener.recordApplicationEvents' -> false]]; transaction manager [org.springframework.orm.jpa.JpaTransactionManager@2777c52]; rollback [true]
Hibernate: select administra0_.cedula as cedula1_1_0_, administra0_.email as email2_1_0_, administra0_.nombre as nombre3_1_0_, administra0_.password as password4_1_0_ from administrador administra0_ where administra0_.cedula=?
Hibernate: select administra0_.cedula as cedula1_1_, administra0_.email as email2_1_, administra0_.nombre as nombre3_1_, administra0_.password as password4_1_ from administrador administra0_ where administra0_.email=?
Hibernate: select administra0_.cedula as cedula1_1_0_, administra0_.email as email2_1_0_, administra0_.nombre as nombre3_1_0_, administra0_.password as password4_1_0_ from administrador administra0_ where administra0_.cedula=?
2022-05-06 23:38:30.225  INFO 16900 --- [    Test worker] o.s.t.c.transaction.TransactionContext   : Rolled back transaction for test: [DefaultTestContext@34d4fd2 testClass = AdministradorServicioTest, testInstance = co.edu.uniquindio.unitravel.serviciosTest.AdministradorServicioTest@23e90224, testMethod = registrarAdministradorTest@AdministradorServicioTest, testException = [null], mergedContextConfiguration = [MergedContextConfiguration@11423333 testClass = AdministradorServicioTest, locations = '{}', classes = '{class co.edu.uniquindio.unitravel.PersistenciaApplication}', contextInitializerClasses = '[]', activeProfiles = '{}', propertySourceLocations = '{}', propertySourceProperties = '{org.springframework.boot.test.context.SpringBootTestContextBootstrapper=true}', contextCustomizers = set[org.springframework.boot.test.autoconfigure.actuate.metrics.MetricsExportContextCustomizerFactory$DisableMetricExportContextCustomizer@66b9f4c7, org.springframework.boot.test.autoconfigure.properties.PropertyMappingContextCustomizer@0, org.springframework.boot.test.autoconfigure.web.servlet.WebDriverContextCustomizerFactory$Customizer@5f76cc36, org.springframework.boot.test.context.filter.ExcludeFilterContextCustomizer@1a3db72f, org.springframework.boot.test.json.DuplicateJsonObjectContextCustomizerFactory$DuplicateJsonObjectContextCustomizer@5becc1fc, org.springframework.boot.test.mock.mockito.MockitoContextCustomizer@0, org.springframework.boot.test.web.client.TestRestTemplateContextCustomizer@52196df8, org.springframework.boot.test.context.SpringBootTestArgs@1, org.springframework.boot.test.context.SpringBootTestWebEnvironment@21bc93a2], contextLoader = 'org.springframework.boot.test.context.SpringBootContextLoader', parent = [null]], attributes = map['org.springframework.test.context.event.ApplicationEventsTestExecutionListener.recordApplicationEvents' -> false]]
2022-05-06 23:38:30.227  INFO 16900 --- [    Test worker] o.s.t.c.transaction.TransactionContext   : Began transaction (1) for test context [DefaultTestContext@34d4fd2 testClass = AdministradorServicioTest, testInstance = co.edu.uniquindio.unitravel.serviciosTest.AdministradorServicioTest@114e82e9, testMethod = listarAdministradoresTest@AdministradorServicioTest, testException = [null], mergedContextConfiguration = [MergedContextConfiguration@11423333 testClass = AdministradorServicioTest, locations = '{}', classes = '{class co.edu.uniquindio.unitravel.PersistenciaApplication}', contextInitializerClasses = '[]', activeProfiles = '{}', propertySourceLocations = '{}', propertySourceProperties = '{org.springframework.boot.test.context.SpringBootTestContextBootstrapper=true}', contextCustomizers = set[org.springframework.boot.test.autoconfigure.actuate.metrics.MetricsExportContextCustomizerFactory$DisableMetricExportContextCustomizer@66b9f4c7, org.springframework.boot.test.autoconfigure.properties.PropertyMappingContextCustomizer@0, org.springframework.boot.test.autoconfigure.web.servlet.WebDriverContextCustomizerFactory$Customizer@5f76cc36, org.springframework.boot.test.context.filter.ExcludeFilterContextCustomizer@1a3db72f, org.springframework.boot.test.json.DuplicateJsonObjectContextCustomizerFactory$DuplicateJsonObjectContextCustomizer@5becc1fc, org.springframework.boot.test.mock.mockito.MockitoContextCustomizer@0, org.springframework.boot.test.web.client.TestRestTemplateContextCustomizer@52196df8, org.springframework.boot.test.context.SpringBootTestArgs@1, org.springframework.boot.test.context.SpringBootTestWebEnvironment@21bc93a2], contextLoader = 'org.springframework.boot.test.context.SpringBootContextLoader', parent = [null]], attributes = map['org.springframework.test.context.event.ApplicationEventsTestExecutionListener.recordApplicationEvents' -> false]]; transaction manager [org.springframework.orm.jpa.JpaTransactionManager@2777c52]; rollback [true]
Hibernate: select administra0_.cedula as cedula1_1_, administra0_.email as email2_1_, administra0_.nombre as nombre3_1_, administra0_.password as password4_1_ from administrador administra0_
2022-05-06 23:38:30.238  INFO 16900 --- [    Test worker] o.s.t.c.transaction.TransactionContext   : Rolled back transaction for test: [DefaultTestContext@34d4fd2 testClass = AdministradorServicioTest, testInstance = co.edu.uniquindio.unitravel.serviciosTest.AdministradorServicioTest@114e82e9, testMethod = listarAdministradoresTest@AdministradorServicioTest, testException = [null], mergedContextConfiguration = [MergedContextConfiguration@11423333 testClass = AdministradorServicioTest, locations = '{}', classes = '{class co.edu.uniquindio.unitravel.PersistenciaApplication}', contextInitializerClasses = '[]', activeProfiles = '{}', propertySourceLocations = '{}', propertySourceProperties = '{org.springframework.boot.test.context.SpringBootTestContextBootstrapper=true}', contextCustomizers = set[org.springframework.boot.test.autoconfigure.actuate.metrics.MetricsExportContextCustomizerFactory$DisableMetricExportContextCustomizer@66b9f4c7, org.springframework.boot.test.autoconfigure.properties.PropertyMappingContextCustomizer@0, org.springframework.boot.test.autoconfigure.web.servlet.WebDriverContextCustomizerFactory$Customizer@5f76cc36, org.springframework.boot.test.context.filter.ExcludeFilterContextCustomizer@1a3db72f, org.springframework.boot.test.json.DuplicateJsonObjectContextCustomizerFactory$DuplicateJsonObjectContextCustomizer@5becc1fc, org.springframework.boot.test.mock.mockito.MockitoContextCustomizer@0, org.springframework.boot.test.web.client.TestRestTemplateContextCustomizer@52196df8, org.springframework.boot.test.context.SpringBootTestArgs@1, org.springframework.boot.test.context.SpringBootTestWebEnvironment@21bc93a2], contextLoader = 'org.springframework.boot.test.context.SpringBootContextLoader', parent = [null]], attributes = map['org.springframework.test.context.event.ApplicationEventsTestExecutionListener.recordApplicationEvents' -> false]]
2022-05-06 23:38:30.244  INFO 16900 --- [    Test worker] o.s.t.c.transaction.TransactionContext   : Began transaction (1) for test context [DefaultTestContext@34d4fd2 testClass = AdministradorServicioTest, testInstance = co.edu.uniquindio.unitravel.serviciosTest.AdministradorServicioTest@b2516e9, testMethod = actualizarAdminHotelTest@AdministradorServicioTest, testException = [null], mergedContextConfiguration = [MergedContextConfiguration@11423333 testClass = AdministradorServicioTest, locations = '{}', classes = '{class co.edu.uniquindio.unitravel.PersistenciaApplication}', contextInitializerClasses = '[]', activeProfiles = '{}', propertySourceLocations = '{}', propertySourceProperties = '{org.springframework.boot.test.context.SpringBootTestContextBootstrapper=true}', contextCustomizers = set[org.springframework.boot.test.autoconfigure.actuate.metrics.MetricsExportContextCustomizerFactory$DisableMetricExportContextCustomizer@66b9f4c7, org.springframework.boot.test.autoconfigure.properties.PropertyMappingContextCustomizer@0, org.springframework.boot.test.autoconfigure.web.servlet.WebDriverContextCustomizerFactory$Customizer@5f76cc36, org.springframework.boot.test.context.filter.ExcludeFilterContextCustomizer@1a3db72f, org.springframework.boot.test.json.DuplicateJsonObjectContextCustomizerFactory$DuplicateJsonObjectContextCustomizer@5becc1fc, org.springframework.boot.test.mock.mockito.MockitoContextCustomizer@0, org.springframework.boot.test.web.client.TestRestTemplateContextCustomizer@52196df8, org.springframework.boot.test.context.SpringBootTestArgs@1, org.springframework.boot.test.context.SpringBootTestWebEnvironment@21bc93a2], contextLoader = 'org.springframework.boot.test.context.SpringBootContextLoader', parent = [null]], attributes = map['org.springframework.test.context.event.ApplicationEventsTestExecutionListener.recordApplicationEvents' -> false]]; transaction manager [org.springframework.orm.jpa.JpaTransactionManager@2777c52]; rollback [true]
Hibernate: select adminhotel0_.cedula as cedula1_0_0_, adminhotel0_.email as email2_0_0_, adminhotel0_.nombre as nombre3_0_0_, adminhotel0_.password as password4_0_0_ from admin_hotel adminhotel0_ where adminhotel0_.cedula=?
2022-05-06 23:38:30.703  INFO 16900 --- [    Test worker] o.s.t.c.transaction.TransactionContext   : Rolled back transaction for test: [DefaultTestContext@34d4fd2 testClass = AdministradorServicioTest, testInstance = co.edu.uniquindio.unitravel.serviciosTest.AdministradorServicioTest@b2516e9, testMethod = actualizarAdminHotelTest@AdministradorServicioTest, testException = [null], mergedContextConfiguration = [MergedContextConfiguration@11423333 testClass = AdministradorServicioTest, locations = '{}', classes = '{class co.edu.uniquindio.unitravel.PersistenciaApplication}', contextInitializerClasses = '[]', activeProfiles = '{}', propertySourceLocations = '{}', propertySourceProperties = '{org.springframework.boot.test.context.SpringBootTestContextBootstrapper=true}', contextCustomizers = set[org.springframework.boot.test.autoconfigure.actuate.metrics.MetricsExportContextCustomizerFactory$DisableMetricExportContextCustomizer@66b9f4c7, org.springframework.boot.test.autoconfigure.properties.PropertyMappingContextCustomizer@0, org.springframework.boot.test.autoconfigure.web.servlet.WebDriverContextCustomizerFactory$Customizer@5f76cc36, org.springframework.boot.test.context.filter.ExcludeFilterContextCustomizer@1a3db72f, org.springframework.boot.test.json.DuplicateJsonObjectContextCustomizerFactory$DuplicateJsonObjectContextCustomizer@5becc1fc, org.springframework.boot.test.mock.mockito.MockitoContextCustomizer@0, org.springframework.boot.test.web.client.TestRestTemplateContextCustomizer@52196df8, org.springframework.boot.test.context.SpringBootTestArgs@1, org.springframework.boot.test.context.SpringBootTestWebEnvironment@21bc93a2], contextLoader = 'org.springframework.boot.test.context.SpringBootContextLoader', parent = [null]], attributes = map['org.springframework.test.context.event.ApplicationEventsTestExecutionListener.recordApplicationEvents' -> false]]
2022-05-06 23:38:30.705  INFO 16900 --- [    Test worker] o.s.t.c.transaction.TransactionContext   : Began transaction (1) for test context [DefaultTestContext@34d4fd2 testClass = AdministradorServicioTest, testInstance = co.edu.uniquindio.unitravel.serviciosTest.AdministradorServicioTest@49dc1bff, testMethod = listarCiudadesTest@AdministradorServicioTest, testException = [null], mergedContextConfiguration = [MergedContextConfiguration@11423333 testClass = AdministradorServicioTest, locations = '{}', classes = '{class co.edu.uniquindio.unitravel.PersistenciaApplication}', contextInitializerClasses = '[]', activeProfiles = '{}', propertySourceLocations = '{}', propertySourceProperties = '{org.springframework.boot.test.context.SpringBootTestContextBootstrapper=true}', contextCustomizers = set[org.springframework.boot.test.autoconfigure.actuate.metrics.MetricsExportContextCustomizerFactory$DisableMetricExportContextCustomizer@66b9f4c7, org.springframework.boot.test.autoconfigure.properties.PropertyMappingContextCustomizer@0, org.springframework.boot.test.autoconfigure.web.servlet.WebDriverContextCustomizerFactory$Customizer@5f76cc36, org.springframework.boot.test.context.filter.ExcludeFilterContextCustomizer@1a3db72f, org.springframework.boot.test.json.DuplicateJsonObjectContextCustomizerFactory$DuplicateJsonObjectContextCustomizer@5becc1fc, org.springframework.boot.test.mock.mockito.MockitoContextCustomizer@0, org.springframework.boot.test.web.client.TestRestTemplateContextCustomizer@52196df8, org.springframework.boot.test.context.SpringBootTestArgs@1, org.springframework.boot.test.context.SpringBootTestWebEnvironment@21bc93a2], contextLoader = 'org.springframework.boot.test.context.SpringBootContextLoader', parent = [null]], attributes = map['org.springframework.test.context.event.ApplicationEventsTestExecutionListener.recordApplicationEvents' -> false]]; transaction manager [org.springframework.orm.jpa.JpaTransactionManager@2777c52]; rollback [true]
Hibernate: select ciudad0_.cod_ciudad as cod_ciud1_3_, ciudad0_.nombre as nombre2_3_ from ciudad ciudad0_
[...]
	at org.springframework.aop.framework.ReflectiveMethodInvocation.proceed(ReflectiveMethodInvocation.java:186)
	at org.springframework.aop.interceptor.ExposeInvocationInterceptor.invoke(ExposeInvocationInterceptor.java:97)
	at org.springframework.aop.framework.ReflectiveMethodInvocation.proceed(ReflectiveMethodInvocation.java:186)
	at org.springframework.aop.framework.JdkDynamicAopProxy.invoke(JdkDynamicAopProxy.java:215)
	at com.sun.proxy.$Proxy126.save(Unknown Source)
	at co.edu.uniquindio.unitravel.servicios.AdministradorServicioImpl.registrarVuelo(AdministradorServicioImpl.java:132)
	at co.edu.uniquindio.unitravel.serviciosTest.AdministradorServicioTest.registrarVueloTest(AdministradorServicioTest.java:153)
	at java.base/jdk.internal.reflect.NativeMethodAccessorImpl.invoke0(Native Method)
	at java.base/jdk.internal.reflect.NativeMethodAccessorImpl.invoke(NativeMethodAccessorImpl.java:62)
	at java.base/jdk.internal.reflect.DelegatingMethodAccessorImpl.invoke(DelegatingMethodAccessorImpl.java:43)
	at java.base/java.lang.reflect.Method.invoke(Method.java:566)
	at org.junit.platform.commons.util.ReflectionUtils.invokeMethod(ReflectionUtils.java:725)
	at org.junit.jupiter.engine.execution.MethodInvocation.proceed(MethodInvocation.java:60)
	at org.junit.jupiter.engine.execution.InvocationInterceptorChain$ValidatingInvocation.proceed(InvocationInterceptorChain.java:131)
	at org.junit.jupiter.engine.extension.TimeoutExtension.intercept(TimeoutExtension.java:149)
	at org.junit.jupiter.engine.extension.TimeoutExtension.interceptTestableMethod(TimeoutExtension.java:140)
	at org.junit.jupiter.engine.extension.TimeoutExtension.interceptTestMethod(TimeoutExtension.java:84)
	at org.junit.jupiter.engine.execution.ExecutableInvoker$ReflectiveInterceptorCall.lambda$ofVoidMethod$0(ExecutableInvoker.java:115)
	at org.junit.jupiter.engine.execution.ExecutableInvoker.lambda$invoke$0(ExecutableInvoker.java:105)
	at org.junit.jupiter.engine.execution.InvocationInterceptorChain$InterceptedInvocation.proceed(InvocationInterceptorChain.java:106)
	at org.junit.jupiter.engine.execution.InvocationInterceptorChain.proceed(InvocationInterceptorChain.java:64)
	at org.junit.jupiter.engine.execution.InvocationInterceptorChain.chainAndInvoke(InvocationInterceptorChain.java:45)
	at org.junit.jupiter.engine.execution.InvocationInterceptorChain.invoke(InvocationInterceptorChain.java:37)
	at org.junit.jupiter.engine.execution.ExecutableInvoker.invoke(ExecutableInvoker.java:104)
	at org.junit.jupiter.engine.execution.ExecutableInvoker.invoke(ExecutableInvoker.java:98)
	at org.junit.jupiter.engine.descriptor.TestMethodTestDescriptor.lambda$invokeTestMethod$7(TestMethodTestDescriptor.java:214)
	at org.junit.platform.engine.support.hierarchical.ThrowableCollector.execute(ThrowableCollector.java:73)
	at org.junit.jupiter.engine.descriptor.TestMethodTestDescriptor.invokeTestMethod(TestMethodTestDescriptor.java:210)
	at org.junit.jupiter.engine.descriptor.TestMethodTestDescriptor.execute(TestMethodTestDescriptor.java:135)
	at org.junit.jupiter.engine.descriptor.TestMethodTestDescriptor.execute(TestMethodTestDescriptor.java:66)
	at org.junit.platform.engine.support.hierarchical.NodeTestTask.lambda$executeRecursively$6(NodeTestTask.java:151)
	at org.junit.platform.engine.support.hierarchical.ThrowableCollector.execute(ThrowableCollector.java:73)
	at org.junit.platform.engine.support.hierarchical.NodeTestTask.lambda$executeRecursively$8(NodeTestTask.java:141)
	at org.junit.platform.engine.support.hierarchical.Node.around(Node.java:137)
	at org.junit.platform.engine.support.hierarchical.NodeTestTask.lambda$executeRecursively$9(NodeTestTask.java:139)
	at org.junit.platform.engine.support.hierarchical.ThrowableCollector.execute(ThrowableCollector.java:73)
	at org.junit.platform.engine.support.hierarchical.NodeTestTask.executeRecursively(NodeTestTask.java:138)
	at org.junit.platform.engine.support.hierarchical.NodeTestTask.execute(NodeTestTask.java:95)
	at java.base/java.util.ArrayList.forEach(ArrayList.java:1541)
	at org.junit.platform.engine.support.hierarchical.SameThreadHierarchicalTestExecutorService.invokeAll(SameThreadHierarchicalTestExecutorService.java:41)
	at org.junit.platform.engine.support.hierarchical.NodeTestTask.lambda$executeRecursively$6(NodeTestTask.java:155)
	at org.junit.platform.engine.support.hierarchical.ThrowableCollector.execute(ThrowableCollector.java:73)
	at org.junit.platform.engine.support.hierarchical.NodeTestTask.lambda$executeRecursively$8(NodeTestTask.java:141)
	at org.junit.platform.engine.support.hierarchical.Node.around(Node.java:137)
	at org.junit.platform.engine.support.hierarchical.NodeTestTask.lambda$executeRecursively$9(NodeTestTask.java:139)
	at org.junit.platform.engine.support.hierarchical.ThrowableCollector.execute(ThrowableCollector.java:73)
	at org.junit.platform.engine.support.hierarchical.NodeTestTask.executeRecursively(NodeTestTask.java:138)
	at org.junit.platform.engine.support.hierarchical.NodeTestTask.execute(NodeTestTask.java:95)
	at java.base/java.util.ArrayList.forEach(ArrayList.java:1541)
	at org.junit.platform.engine.support.hierarchical.SameThreadHierarchicalTestExecutorService.invokeAll(SameThreadHierarchicalTestExecutorService.java:41)
	at org.junit.platform.engine.support.hierarchical.NodeTestTask.lambda$executeRecursively$6(NodeTestTask.java:155)
	at org.junit.platform.engine.support.hierarchical.ThrowableCollector.execute(ThrowableCollector.java:73)
	at org.junit.platform.engine.support.hierarchical.NodeTestTask.lambda$executeRecursively$8(NodeTestTask.java:141)
	at org.junit.platform.engine.support.hierarchical.Node.around(Node.java:137)
	at org.junit.platform.engine.support.hierarchical.NodeTestTask.lambda$executeRecursively$9(NodeTestTask.java:139)
	at org.junit.platform.engine.support.hierarchical.ThrowableCollector.execute(ThrowableCollector.java:73)
	at org.junit.platform.engine.support.hierarchical.NodeTestTask.executeRecursively(NodeTestTask.java:138)
	at org.junit.platform.engine.support.hierarchical.NodeTestTask.execute(NodeTestTask.java:95)
	at org.junit.platform.engine.support.hierarchical.SameThreadHierarchicalTestExecutorService.submit(SameThreadHierarchicalTestExecutorService.java:35)
	at org.junit.platform.engine.support.hierarchical.HierarchicalTestExecutor.execute(HierarchicalTestExecutor.java:57)
	at org.junit.platform.engine.support.hierarchical.HierarchicalTestEngine.execute(HierarchicalTestEngine.java:54)
	at org.junit.platform.launcher.core.EngineExecutionOrchestrator.execute(EngineExecutionOrchestrator.java:108)
	at org.junit.platform.launcher.core.EngineExecutionOrchestrator.execute(EngineExecutionOrchestrator.java:88)
	at org.junit.platform.launcher.core.EngineExecutionOrchestrator.lambda$execute$0(EngineExecutionOrchestrator.java:54)
	at org.junit.platform.launcher.core.EngineExecutionOrchestrator.withInterceptedStreams(EngineExecutionOrchestrator.java:67)
	at org.junit.platform.launcher.core.EngineExecutionOrchestrator.execute(EngineExecutionOrchestrator.java:52)
	at org.junit.platform.launcher.core.DefaultLauncher.execute(DefaultLauncher.java:96)
	at org.junit.platform.launcher.core.DefaultLauncher.execute(DefaultLauncher.java:75)
	at org.gradle.api.internal.tasks.testing.junitplatform.JUnitPlatformTestClassProcessor$CollectAllTestClassesExecutor.processAllTestClasses(JUnitPlatformTestClassProcessor.java:99)
	at org.gradle.api.internal.tasks.testing.junitplatform.JUnitPlatformTestClassProcessor$CollectAllTestClassesExecutor.access$000(JUnitPlatformTestClassProcessor.java:79)
	at org.gradle.api.internal.tasks.testing.junitplatform.JUnitPlatformTestClassProcessor.stop(JUnitPlatformTestClassProcessor.java:75)
	at org.gradle.api.internal.tasks.testing.SuiteTestClassProcessor.stop(SuiteTestClassProcessor.java:61)
	at java.base/jdk.internal.reflect.NativeMethodAccessorImpl.invoke0(Native Method)
	at java.base/jdk.internal.reflect.NativeMethodAccessorImpl.invoke(NativeMethodAccessorImpl.java:62)
	at java.base/jdk.internal.reflect.DelegatingMethodAccessorImpl.invoke(DelegatingMethodAccessorImpl.java:43)
	at java.base/java.lang.reflect.Method.invoke(Method.java:566)
	at org.gradle.internal.dispatch.ReflectionDispatch.dispatch(ReflectionDispatch.java:36)
	at org.gradle.internal.dispatch.ReflectionDispatch.dispatch(ReflectionDispatch.java:24)
	at org.gradle.internal.dispatch.ContextClassLoaderDispatch.dispatch(ContextClassLoaderDispatch.java:33)
	at org.gradle.internal.dispatch.ProxyDispatchAdapter$DispatchingInvocationHandler.invoke(ProxyDispatchAdapter.java:94)
	at com.sun.proxy.$Proxy2.stop(Unknown Source)
	at org.gradle.api.internal.tasks.testing.worker.TestWorker.stop(TestWorker.java:135)
	at java.base/jdk.internal.reflect.NativeMethodAccessorImpl.invoke0(Native Method)
	at java.base/jdk.internal.reflect.NativeMethodAccessorImpl.invoke(NativeMethodAccessorImpl.java:62)
	at java.base/jdk.internal.reflect.DelegatingMethodAccessorImpl.invoke(DelegatingMethodAccessorImpl.java:43)
	at java.base/java.lang.reflect.Method.invoke(Method.java:566)
	at org.gradle.internal.dispatch.ReflectionDispatch.dispatch(ReflectionDispatch.java:36)
	at org.gradle.internal.dispatch.ReflectionDispatch.dispatch(ReflectionDispatch.java:24)
	at org.gradle.internal.remote.internal.hub.MessageHubBackedObjectConnection$DispatchWrapper.dispatch(MessageHubBackedObjectConnection.java:182)
	at org.gradle.internal.remote.internal.hub.MessageHubBackedObjectConnection$DispatchWrapper.dispatch(MessageHubBackedObjectConnection.java:164)
	at org.gradle.internal.remote.internal.hub.MessageHub$Handler.run(MessageHub.java:414)
	at org.gradle.internal.concurrent.ExecutorPolicy$CatchAndRecordFailures.onExecute(ExecutorPolicy.java:64)
	at org.gradle.internal.concurrent.ManagedExecutorImpl$1.run(ManagedExecutorImpl.java:48)
	at java.base/java.util.concurrent.ThreadPoolExecutor.runWorker(ThreadPoolExecutor.java:1128)
	at java.base/java.util.concurrent.ThreadPoolExecutor$Worker.run(ThreadPoolExecutor.java:628)
	at org.gradle.internal.concurrent.ThreadFactoryImpl$ManagedThreadRunnable.run(ThreadFactoryImpl.java:56)
	at java.base/java.lang.Thread.run(Thread.java:834)
java.lang.Exception: Los datos de autenticacion son incorrectos
	at co.edu.uniquindio.unitravel.servicios.AdministradorServicioImpl.validarLogin(AdministradorServicioImpl.java:77)
	at co.edu.uniquindio.unitravel.serviciosTest.AdministradorServicioTest.validarLoginAdministradorTest(AdministradorServicioTest.java:80)
	at java.base/jdk.internal.reflect.NativeMethodAccessorImpl.invoke0(Native Method)
	at java.base/jdk.internal.reflect.NativeMethodAccessorImpl.invoke(NativeMethodAccessorImpl.java:62)
	at java.base/jdk.internal.reflect.DelegatingMethodAccessorImpl.invoke(DelegatingMethodAccessorImpl.java:43)
	at java.base/java.lang.reflect.Method.invoke(Method.java:566)
	at org.junit.platform.commons.util.ReflectionUtils.invokeMethod(ReflectionUtils.java:725)
	at org.junit.jupiter.engine.execution.MethodInvocation.proceed(MethodInvocation.java:60)
	at org.junit.jupiter.engine.execution.InvocationInterceptorChain$ValidatingInvocation.proceed(InvocationInterceptorChain.java:131)
	at org.junit.jupiter.engine.extension.TimeoutExtension.intercept(TimeoutExtension.java:149)
	at org.junit.jupiter.engine.extension.TimeoutExtension.interceptTestableMethod(TimeoutExtension.java:140)
	at org.junit.jupiter.engine.extension.TimeoutExtension.interceptTestMethod(TimeoutExtension.java:84)
	at org.junit.jupiter.engine.execution.ExecutableInvoker$ReflectiveInterceptorCall.lambda$ofVoidMethod$0(ExecutableInvoker.java:115)
	at org.junit.jupiter.engine.execution.ExecutableInvoker.lambda$invoke$0(ExecutableInvoker.java:105)
	at org.junit.jupiter.engine.execution.InvocationInterceptorChain$InterceptedInvocation.proceed(InvocationInterceptorChain.java:106)
	at org.junit.jupiter.engine.execution.InvocationInterceptorChain.proceed(InvocationInterceptorChain.java:64)
	at org.junit.jupiter.engine.execution.InvocationInterceptorChain.chainAndInvoke(InvocationInterceptorChain.java:45)
	at org.junit.jupiter.engine.execution.InvocationInterceptorChain.invoke(InvocationInterceptorChain.java:37)
	at org.junit.jupiter.engine.execution.ExecutableInvoker.invoke(ExecutableInvoker.java:104)
	at org.junit.jupiter.engine.execution.ExecutableInvoker.invoke(ExecutableInvoker.java:98)
	at org.junit.jupiter.engine.descriptor.TestMethodTestDescriptor.lambda$invokeTestMethod$7(TestMethodTestDescriptor.java:214)
	at org.junit.platform.engine.support.hierarchical.ThrowableCollector.execute(ThrowableCollector.java:73)
	at org.junit.jupiter.engine.descriptor.TestMethodTestDescriptor.invokeTestMethod(TestMethodTestDescriptor.java:210)
	at org.junit.jupiter.engine.descriptor.TestMethodTestDescriptor.execute(TestMethodTestDescriptor.java:135)
	at org.junit.jupiter.engine.descriptor.TestMethodTestDescriptor.execute(TestMethodTestDescriptor.java:66)
	at org.junit.platform.engine.support.hierarchical.NodeTestTask.lambda$executeRecursively$6(NodeTestTask.java:151)
	at org.junit.platform.engine.support.hierarchical.ThrowableCollector.execute(ThrowableCollector.java:73)
	at org.junit.platform.engine.support.hierarchical.NodeTestTask.lambda$executeRecursively$8(NodeTestTask.java:141)
	at org.junit.platform.engine.support.hierarchical.Node.around(Node.java:137)
	at org.junit.platform.engine.support.hierarchical.NodeTestTask.lambda$executeRecursively$9(NodeTestTask.java:139)
	at org.junit.platform.engine.support.hierarchical.ThrowableCollector.execute(ThrowableCollector.java:73)
	at org.junit.platform.engine.support.hierarchical.NodeTestTask.executeRecursively(NodeTestTask.java:138)
	at org.junit.platform.engine.support.hierarchical.NodeTestTask.execute(NodeTestTask.java:95)
	at java.base/java.util.ArrayList.forEach(ArrayList.java:1541)
	at org.junit.platform.engine.support.hierarchical.SameThreadHierarchicalTestExecutorService.invokeAll(SameThreadHierarchicalTestExecutorService.java:41)
	at org.junit.platform.engine.support.hierarchical.NodeTestTask.lambda$executeRecursively$6(NodeTestTask.java:155)
	at org.junit.platform.engine.support.hierarchical.ThrowableCollector.execute(ThrowableCollector.java:73)
	at org.junit.platform.engine.support.hierarchical.NodeTestTask.lambda$executeRecursively$8(NodeTestTask.java:141)
	at org.junit.platform.engine.support.hierarchical.Node.around(Node.java:137)
	at org.junit.platform.engine.support.hierarchical.NodeTestTask.lambda$executeRecursively$9(NodeTestTask.java:139)
	at org.junit.platform.engine.support.hierarchical.ThrowableCollector.execute(ThrowableCollector.java:73)
	at org.junit.platform.engine.support.hierarchical.NodeTestTask.executeRecursively(NodeTestTask.java:138)
	at org.junit.platform.engine.support.hierarchical.NodeTestTask.execute(NodeTestTask.java:95)
	at java.base/java.util.ArrayList.forEach(ArrayList.java:1541)
	at org.junit.platform.engine.support.hierarchical.SameThreadHierarchicalTestExecutorService.invokeAll(SameThreadHierarchicalTestExecutorService.java:41)
	at org.junit.platform.engine.support.hierarchical.NodeTestTask.lambda$executeRecursively$6(NodeTestTask.java:155)
	at org.junit.platform.engine.support.hierarchical.ThrowableCollector.execute(ThrowableCollector.java:73)
	at org.junit.platform.engine.support.hierarchical.NodeTestTask.lambda$executeRecursively$8(NodeTestTask.java:141)
	at org.junit.platform.engine.support.hierarchical.Node.around(Node.java:137)
	at org.junit.platform.engine.support.hierarchical.NodeTestTask.lambda$executeRecursively$9(NodeTestTask.java:139)
	at org.junit.platform.engine.support.hierarchical.ThrowableCollector.execute(ThrowableCollector.java:73)
	at org.junit.platform.engine.support.hierarchical.NodeTestTask.executeRecursively(NodeTestTask.java:138)
	at org.junit.platform.engine.support.hierarchical.NodeTestTask.execute(NodeTestTask.java:95)
	at org.junit.platform.engine.support.hierarchical.SameThreadHierarchicalTestExecutorService.submit(SameThreadHierarchicalTestExecutorService.java:35)
	at org.junit.platform.engine.support.hierarchical.HierarchicalTestExecutor.execute(HierarchicalTestExecutor.java:57)
	at org.junit.platform.engine.support.hierarchical.HierarchicalTestEngine.execute(HierarchicalTestEngine.java:54)
	at org.junit.platform.launcher.core.EngineExecutionOrchestrator.execute(EngineExecutionOrchestrator.java:108)
	at org.junit.platform.launcher.core.EngineExecutionOrchestrator.execute(EngineExecutionOrchestrator.java:88)
	at org.junit.platform.launcher.core.EngineExecutionOrchestrator.lambda$execute$0(EngineExecutionOrchestrator.java:54)
	at org.junit.platform.launcher.core.EngineExecutionOrchestrator.withInterceptedStreams(EngineExecutionOrchestrator.java:67)
	at org.junit.platform.launcher.core.EngineExecutionOrchestrator.execute(EngineExecutionOrchestrator.java:52)
	at org.junit.platform.launcher.core.DefaultLauncher.execute(DefaultLauncher.java:96)
	at org.junit.platform.launcher.core.DefaultLauncher.execute(DefaultLauncher.java:75)
	at org.gradle.api.internal.tasks.testing.junitplatform.JUnitPlatformTestClassProcessor$CollectAllTestClassesExecutor.processAllTestClasses(JUnitPlatformTestClassProcessor.java:99)
	at org.gradle.api.internal.tasks.testing.junitplatform.JUnitPlatformTestClassProcessor$CollectAllTestClassesExecutor.access$000(JUnitPlatformTestClassProcessor.java:79)
	at org.gradle.api.internal.tasks.testing.junitplatform.JUnitPlatformTestClassProcessor.stop(JUnitPlatformTestClassProcessor.java:75)
	at org.gradle.api.internal.tasks.testing.SuiteTestClassProcessor.stop(SuiteTestClassProcessor.java:61)
	at java.base/jdk.internal.reflect.NativeMethodAccessorImpl.invoke0(Native Method)
	at java.base/jdk.internal.reflect.NativeMethodAccessorImpl.invoke(NativeMethodAccessorImpl.java:62)
	at java.base/jdk.internal.reflect.DelegatingMethodAccessorImpl.invoke(DelegatingMethodAccessorImpl.java:43)
	at java.base/java.lang.reflect.Method.invoke(Method.java:566)
	at org.gradle.internal.dispatch.ReflectionDispatch.dispatch(ReflectionDispatch.java:36)
	at org.gradle.internal.dispatch.ReflectionDispatch.dispatch(ReflectionDispatch.java:24)
	at org.gradle.internal.dispatch.ContextClassLoaderDispatch.dispatch(ContextClassLoaderDispatch.java:33)
	at org.gradle.internal.dispatch.ProxyDispatchAdapter$DispatchingInvocationHandler.invoke(ProxyDispatchAdapter.java:94)
	at com.sun.proxy.$Proxy2.stop(Unknown Source)
	at org.gradle.api.internal.tasks.testing.worker.TestWorker.stop(TestWorker.java:135)
	at java.base/jdk.internal.reflect.NativeMethodAccessorImpl.invoke0(Native Method)
	at java.base/jdk.internal.reflect.NativeMethodAccessorImpl.invoke(NativeMethodAccessorImpl.java:62)
	at java.base/jdk.internal.reflect.DelegatingMethodAccessorImpl.invoke(DelegatingMethodAccessorImpl.java:43)
	at java.base/java.lang.reflect.Method.invoke(Method.java:566)
	at org.gradle.internal.dispatch.ReflectionDispatch.dispatch(ReflectionDispatch.java:36)
	at org.gradle.internal.dispatch.ReflectionDispatch.dispatch(ReflectionDispatch.java:24)
	at org.gradle.internal.remote.internal.hub.MessageHubBackedObjectConnection$DispatchWrapper.dispatch(MessageHubBackedObjectConnection.java:182)
	at org.gradle.internal.remote.internal.hub.MessageHubBackedObjectConnection$DispatchWrapper.dispatch(MessageHubBackedObjectConnection.java:164)
	at org.gradle.internal.remote.internal.hub.MessageHub$Handler.run(MessageHub.java:414)
	at org.gradle.internal.concurrent.ExecutorPolicy$CatchAndRecordFailures.onExecute(ExecutorPolicy.java:64)
	at org.gradle.internal.concurrent.ManagedExecutorImpl$1.run(ManagedExecutorImpl.java:48)
	at java.base/java.util.concurrent.ThreadPoolExecutor.runWorker(ThreadPoolExecutor.java:1128)
	at java.base/java.util.concurrent.ThreadPoolExecutor$Worker.run(ThreadPoolExecutor.java:628)
	at org.gradle.internal.concurrent.ThreadFactoryImpl$ManagedThreadRunnable.run(ThreadFactoryImpl.java:56)
	at java.base/java.lang.Thread.run(Thread.java:834)
]]></system-err>
</testsuite>
